<?xml version="1.0" encoding="UTF-8"?>
<testsuite xmlns:xsi="http://www.w3.org/2001/XMLSchema-instance" xsi:noNamespaceSchemaLocation="https://maven.apache.org/surefire/maven-surefire-plugin/xsd/surefire-test-report.xsd" name="TestSuite" time="48.41" tests="1" errors="0" skipped="0" failures="0">
  <properties>
    <property name="gopherProxySet" value="false"/>
    <property name="awt.toolkit" value="sun.lwawt.macosx.LWCToolkit"/>
    <property name="file.encoding.pkg" value="sun.io"/>
    <property name="java.specification.version" value="1.8"/>
    <property name="sun.cpu.isalist" value=""/>
    <property name="sun.jnu.encoding" value="UTF-8"/>
    <property name="java.class.path" value="/Users/shauzab/git/AT/PegaTA/target/test-classes:/Users/shauzab/git/AT/PegaTA/target/classes:/Users/shauzab/.m2/repository/junit/junit/3.8.1/junit-3.8.1.jar:/Users/shauzab/git/AT/PegaTA/lib/pega-base-ui-testframework-2.1.0.jar:/Users/shauzab/.m2/repository/org/seleniumhq/selenium/selenium-java/3.141.59/selenium-java-3.141.59.jar:/Users/shauzab/.m2/repository/org/seleniumhq/selenium/selenium-api/3.141.59/selenium-api-3.141.59.jar:/Users/shauzab/.m2/repository/org/seleniumhq/selenium/selenium-chrome-driver/3.141.59/selenium-chrome-driver-3.141.59.jar:/Users/shauzab/.m2/repository/org/seleniumhq/selenium/selenium-edge-driver/3.141.59/selenium-edge-driver-3.141.59.jar:/Users/shauzab/.m2/repository/org/seleniumhq/selenium/selenium-firefox-driver/3.141.59/selenium-firefox-driver-3.141.59.jar:/Users/shauzab/.m2/repository/org/seleniumhq/selenium/selenium-ie-driver/3.141.59/selenium-ie-driver-3.141.59.jar:/Users/shauzab/.m2/repository/org/seleniumhq/selenium/selenium-opera-driver/3.141.59/selenium-opera-driver-3.141.59.jar:/Users/shauzab/.m2/repository/org/seleniumhq/selenium/selenium-remote-driver/3.141.59/selenium-remote-driver-3.141.59.jar:/Users/shauzab/.m2/repository/org/seleniumhq/selenium/selenium-safari-driver/3.141.59/selenium-safari-driver-3.141.59.jar:/Users/shauzab/.m2/repository/org/seleniumhq/selenium/selenium-support/3.141.59/selenium-support-3.141.59.jar:/Users/shauzab/.m2/repository/net/bytebuddy/byte-buddy/1.8.15/byte-buddy-1.8.15.jar:/Users/shauzab/.m2/repository/org/apache/commons/commons-exec/1.3/commons-exec-1.3.jar:/Users/shauzab/.m2/repository/com/google/guava/guava/25.0-jre/guava-25.0-jre.jar:/Users/shauzab/.m2/repository/com/google/code/findbugs/jsr305/1.3.9/jsr305-1.3.9.jar:/Users/shauzab/.m2/repository/org/checkerframework/checker-compat-qual/2.0.0/checker-compat-qual-2.0.0.jar:/Users/shauzab/.m2/repository/com/google/errorprone/error_prone_annotations/2.1.3/error_prone_annotations-2.1.3.jar:/Users/shauzab/.m2/repository/com/google/j2objc/j2objc-annotations/1.1/j2objc-annotations-1.1.jar:/Users/shauzab/.m2/repository/org/codehaus/mojo/animal-sniffer-annotations/1.14/animal-sniffer-annotations-1.14.jar:/Users/shauzab/.m2/repository/com/squareup/okhttp3/okhttp/3.11.0/okhttp-3.11.0.jar:/Users/shauzab/.m2/repository/com/squareup/okio/okio/1.14.0/okio-1.14.0.jar:/Users/shauzab/.m2/repository/net/sf/json-lib/json-lib/2.2/json-lib-2.2-jdk15.jar:/Users/shauzab/.m2/repository/commons-beanutils/commons-beanutils/1.7.0/commons-beanutils-1.7.0.jar:/Users/shauzab/.m2/repository/commons-collections/commons-collections/3.2/commons-collections-3.2.jar:/Users/shauzab/.m2/repository/commons-lang/commons-lang/2.3/commons-lang-2.3.jar:/Users/shauzab/.m2/repository/commons-logging/commons-logging/1.1/commons-logging-1.1.jar:/Users/shauzab/.m2/repository/net/sf/ezmorph/ezmorph/1.0.4/ezmorph-1.0.4.jar:/Users/shauzab/.m2/repository/com/pojosontheweb/monte-repack/1.0/monte-repack-1.0.jar:/Users/shauzab/.m2/repository/javax/media/jai/com.springsource.javax.media.jai.core/1.1.3/com.springsource.javax.media.jai.core-1.1.3.jar:/Users/shauzab/.m2/repository/javax/media/jai/com.springsource.javax.media.jai.codec/1.1.3/com.springsource.javax.media.jai.codec-1.1.3.jar:/Users/shauzab/.m2/repository/javax/media/jmf/2.1.1e/jmf-2.1.1e.jar:/Users/shauzab/.m2/repository/org/testng/testng/6.8.8/testng-6.8.8.jar:/Users/shauzab/.m2/repository/org/beanshell/bsh/2.0b4/bsh-2.0b4.jar:/Users/shauzab/.m2/repository/com/beust/jcommander/1.27/jcommander-1.27.jar:/Users/shauzab/.m2/repository/org/jsoup/jsoup/1.7.2/jsoup-1.7.2.jar:/Users/shauzab/.m2/repository/javax/mail/mail/1.4/mail-1.4.jar:/Users/shauzab/.m2/repository/javax/activation/activation/1.1/activation-1.1.jar:/Users/shauzab/.m2/repository/com/sun/jersey/jersey-client/1.8/jersey-client-1.8.jar:/Users/shauzab/.m2/repository/com/sun/jersey/jersey-core/1.8/jersey-core-1.8.jar:/Users/shauzab/.m2/repository/net/lingala/zip4j/zip4j/1.3.2/zip4j-1.3.2.jar:/Users/shauzab/.m2/repository/io/appium/java-client/5.0.4/java-client-5.0.4.jar:/Users/shauzab/.m2/repository/com/google/code/gson/gson/2.8.2/gson-2.8.2.jar:/Users/shauzab/.m2/repository/org/apache/httpcomponents/httpclient/4.5.3/httpclient-4.5.3.jar:/Users/shauzab/.m2/repository/org/apache/httpcomponents/httpcore/4.4.6/httpcore-4.4.6.jar:/Users/shauzab/.m2/repository/cglib/cglib/3.2.5/cglib-3.2.5.jar:/Users/shauzab/.m2/repository/org/ow2/asm/asm/5.2/asm-5.2.jar:/Users/shauzab/.m2/repository/org/apache/ant/ant/1.9.6/ant-1.9.6.jar:/Users/shauzab/.m2/repository/org/apache/ant/ant-launcher/1.9.6/ant-launcher-1.9.6.jar:/Users/shauzab/.m2/repository/commons-validator/commons-validator/1.6/commons-validator-1.6.jar:/Users/shauzab/.m2/repository/commons-digester/commons-digester/1.8.1/commons-digester-1.8.1.jar:/Users/shauzab/.m2/repository/org/apache/commons/commons-lang3/3.6/commons-lang3-3.6.jar:/Users/shauzab/.m2/repository/org/springframework/spring-context/5.0.0.RELEASE/spring-context-5.0.0.RELEASE.jar:/Users/shauzab/.m2/repository/org/springframework/spring-aop/5.0.0.RELEASE/spring-aop-5.0.0.RELEASE.jar:/Users/shauzab/.m2/repository/org/springframework/spring-beans/5.0.0.RELEASE/spring-beans-5.0.0.RELEASE.jar:/Users/shauzab/.m2/repository/org/springframework/spring-core/5.0.0.RELEASE/spring-core-5.0.0.RELEASE.jar:/Users/shauzab/.m2/repository/org/springframework/spring-jcl/5.0.0.RELEASE/spring-jcl-5.0.0.RELEASE.jar:/Users/shauzab/.m2/repository/org/springframework/spring-expression/5.0.0.RELEASE/spring-expression-5.0.0.RELEASE.jar:/Users/shauzab/.m2/repository/org/aspectj/aspectjweaver/1.8.11/aspectjweaver-1.8.11.jar:/Users/shauzab/.m2/repository/org/openpnp/opencv/3.2.0-1/opencv-3.2.0-1.jar:/Users/shauzab/.m2/repository/com/opencsv/opencsv/3.9/opencsv-3.9.jar:/Users/shauzab/.m2/repository/org/apache/poi/poi-ooxml/3.14/poi-ooxml-3.14.jar:/Users/shauzab/.m2/repository/org/apache/poi/poi/3.14/poi-3.14.jar:/Users/shauzab/.m2/repository/org/apache/poi/poi-ooxml-schemas/3.14/poi-ooxml-schemas-3.14.jar:/Users/shauzab/.m2/repository/org/apache/xmlbeans/xmlbeans/2.6.0/xmlbeans-2.6.0.jar:/Users/shauzab/.m2/repository/stax/stax-api/1.0.1/stax-api-1.0.1.jar:/Users/shauzab/.m2/repository/com/github/virtuald/curvesapi/1.03/curvesapi-1.03.jar:/Users/shauzab/.m2/repository/org/apache/pdfbox/pdfbox/2.0.6/pdfbox-2.0.6.jar:/Users/shauzab/.m2/repository/org/apache/pdfbox/fontbox/2.0.6/fontbox-2.0.6.jar:/Users/shauzab/.m2/repository/org/slf4j/slf4j-api/1.7.5/slf4j-api-1.7.5.jar:/Users/shauzab/.m2/repository/ch/qos/logback/logback-classic/1.1.2/logback-classic-1.1.2.jar:/Users/shauzab/.m2/repository/ch/qos/logback/logback-core/1.1.2/logback-core-1.1.2.jar:/Users/shauzab/.m2/repository/commons-codec/commons-codec/1.11/commons-codec-1.11.jar:/Users/shauzab/.m2/repository/commons-io/commons-io/2.6/commons-io-2.6.jar:/Users/shauzab/.m2/repository/com/google/inject/guice/3.0/guice-3.0.jar:/Users/shauzab/.m2/repository/javax/inject/javax.inject/1/javax.inject-1.jar:/Users/shauzab/.m2/repository/aopalliance/aopalliance/1.0/aopalliance-1.0.jar:/Users/shauzab/.m2/repository/io/cucumber/gherkin/5.1.0/gherkin-5.1.0.jar:/Users/shauzab/.m2/repository/io/cucumber/gherkin-jvm-deps/1.0.4/gherkin-jvm-deps-1.0.4.jar:/Users/shauzab/.m2/repository/io/cucumber/cucumber-core/4.4.0/cucumber-core-4.4.0.jar:/Users/shauzab/.m2/repository/io/cucumber/tag-expressions/1.1.1/tag-expressions-1.1.1.jar:/Users/shauzab/.m2/repository/io/cucumber/cucumber-expressions/7.0.2/cucumber-expressions-7.0.2.jar:/Users/shauzab/.m2/repository/io/cucumber/datatable/1.1.14/datatable-1.1.14.jar:/Users/shauzab/.m2/repository/io/cucumber/datatable-dependencies/1.1.14/datatable-dependencies-1.1.14.jar:/Users/shauzab/.m2/repository/io/cucumber/cucumber-java/4.4.0/cucumber-java-4.4.0.jar:/Users/shauzab/.m2/repository/io/cucumber/cucumber-testng/4.4.0/cucumber-testng-4.4.0.jar:/Users/shauzab/.m2/repository/io/cucumber/cucumber-junit/4.4.0/cucumber-junit-4.4.0.jar:/Users/shauzab/.m2/repository/io/cucumber/cucumber-guice/4.4.0/cucumber-guice-4.4.0.jar:/Users/shauzab/.m2/repository/org/apache/maven/plugin-tools/maven-plugin-annotations/3.2/maven-plugin-annotations-3.2.jar:/Users/shauzab/.m2/repository/org/apache/maven/maven-artifact/3.0/maven-artifact-3.0.jar:/Users/shauzab/.m2/repository/org/codehaus/plexus/plexus-utils/2.0.4/plexus-utils-2.0.4.jar:/Users/shauzab/.m2/repository/com/jayway/restassured/rest-assured/2.9.0/rest-assured-2.9.0.jar:/Users/shauzab/.m2/repository/org/codehaus/groovy/groovy/2.4.4/groovy-2.4.4.jar:/Users/shauzab/.m2/repository/org/codehaus/groovy/groovy-xml/2.4.4/groovy-xml-2.4.4.jar:/Users/shauzab/.m2/repository/org/apache/httpcomponents/httpmime/4.5.1/httpmime-4.5.1.jar:/Users/shauzab/.m2/repository/org/hamcrest/hamcrest-core/1.3/hamcrest-core-1.3.jar:/Users/shauzab/.m2/repository/org/hamcrest/hamcrest-library/1.3/hamcrest-library-1.3.jar:/Users/shauzab/.m2/repository/org/ccil/cowan/tagsoup/tagsoup/1.2.1/tagsoup-1.2.1.jar:/Users/shauzab/.m2/repository/com/jayway/restassured/json-path/2.9.0/json-path-2.9.0.jar:/Users/shauzab/.m2/repository/org/codehaus/groovy/groovy-json/2.4.4/groovy-json-2.4.4.jar:/Users/shauzab/.m2/repository/com/jayway/restassured/rest-assured-common/2.9.0/rest-assured-common-2.9.0.jar:/Users/shauzab/.m2/repository/com/jayway/restassured/xml-path/2.9.0/xml-path-2.9.0.jar:/Users/shauzab/.m2/repository/com/jayway/restassured/json-schema-validator/2.9.0/json-schema-validator-2.9.0.jar:/Users/shauzab/.m2/repository/com/github/fge/json-schema-validator/2.2.6/json-schema-validator-2.2.6.jar:/Users/shauzab/.m2/repository/joda-time/joda-time/2.3/joda-time-2.3.jar:/Users/shauzab/.m2/repository/com/googlecode/libphonenumber/libphonenumber/6.2/libphonenumber-6.2.jar:/Users/shauzab/.m2/repository/com/github/fge/json-schema-core/1.2.5/json-schema-core-1.2.5.jar:/Users/shauzab/.m2/repository/com/github/fge/uri-template/0.9/uri-template-0.9.jar:/Users/shauzab/.m2/repository/com/github/fge/msg-simple/1.1/msg-simple-1.1.jar:/Users/shauzab/.m2/repository/com/github/fge/btf/1.2/btf-1.2.jar:/Users/shauzab/.m2/repository/com/github/fge/jackson-coreutils/1.8/jackson-coreutils-1.8.jar:/Users/shauzab/.m2/repository/com/fasterxml/jackson/core/jackson-databind/2.2.3/jackson-databind-2.2.3.jar:/Users/shauzab/.m2/repository/com/fasterxml/jackson/core/jackson-annotations/2.2.3/jackson-annotations-2.2.3.jar:/Users/shauzab/.m2/repository/com/fasterxml/jackson/core/jackson-core/2.2.3/jackson-core-2.2.3.jar:/Users/shauzab/.m2/repository/org/mozilla/rhino/1.7R4/rhino-1.7R4.jar:/Users/shauzab/.m2/repository/javax/mail/mailapi/1.4.3/mailapi-1.4.3.jar:/Users/shauzab/.m2/repository/net/sf/jopt-simple/jopt-simple/4.6/jopt-simple-4.6.jar:/Users/shauzab/.m2/repository/org/seleniumhq/selenium/htmlunit-driver/2.35.1/htmlunit-driver-2.35.1.jar:/Users/shauzab/.m2/repository/net/sourceforge/htmlunit/htmlunit/2.35.0/htmlunit-2.35.0.jar:/Users/shauzab/.m2/repository/xalan/xalan/2.7.2/xalan-2.7.2.jar:/Users/shauzab/.m2/repository/xalan/serializer/2.7.2/serializer-2.7.2.jar:/Users/shauzab/.m2/repository/org/apache/commons/commons-text/1.6/commons-text-1.6.jar:/Users/shauzab/.m2/repository/net/sourceforge/htmlunit/htmlunit-core-js/2.35.0/htmlunit-core-js-2.35.0.jar:/Users/shauzab/.m2/repository/net/sourceforge/htmlunit/neko-htmlunit/2.35.0/neko-htmlunit-2.35.0.jar:/Users/shauzab/.m2/repository/xerces/xercesImpl/2.12.0/xercesImpl-2.12.0.jar:/Users/shauzab/.m2/repository/xml-apis/xml-apis/1.4.01/xml-apis-1.4.01.jar:/Users/shauzab/.m2/repository/net/sourceforge/htmlunit/htmlunit-cssparser/1.4.0/htmlunit-cssparser-1.4.0.jar:/Users/shauzab/.m2/repository/commons-net/commons-net/3.6/commons-net-3.6.jar:/Users/shauzab/.m2/repository/org/eclipse/jetty/websocket/websocket-client/9.4.16.v20190411/websocket-client-9.4.16.v20190411.jar:/Users/shauzab/.m2/repository/org/eclipse/jetty/jetty-client/9.4.16.v20190411/jetty-client-9.4.16.v20190411.jar:/Users/shauzab/.m2/repository/org/eclipse/jetty/jetty-http/9.4.16.v20190411/jetty-http-9.4.16.v20190411.jar:/Users/shauzab/.m2/repository/org/eclipse/jetty/jetty-xml/9.4.16.v20190411/jetty-xml-9.4.16.v20190411.jar:/Users/shauzab/.m2/repository/org/eclipse/jetty/jetty-util/9.4.16.v20190411/jetty-util-9.4.16.v20190411.jar:/Users/shauzab/.m2/repository/org/eclipse/jetty/jetty-io/9.4.16.v20190411/jetty-io-9.4.16.v20190411.jar:/Users/shauzab/.m2/repository/org/eclipse/jetty/websocket/websocket-common/9.4.16.v20190411/websocket-common-9.4.16.v20190411.jar:/Users/shauzab/.m2/repository/org/eclipse/jetty/websocket/websocket-api/9.4.16.v20190411/websocket-api-9.4.16.v20190411.jar:/Users/shauzab/.m2/repository/com/github/detro/ghostdriver/phantomjsdriver/1.1.0/phantomjsdriver-1.1.0.jar:/Users/shauzab/.m2/repository/org/seleniumhq/selenium/selenium-server/2.39.0/selenium-server-2.39.0.jar:/Users/shauzab/.m2/repository/org/bouncycastle/bcprov-jdk15on/1.48/bcprov-jdk15on-1.48.jar:/Users/shauzab/.m2/repository/org/bouncycastle/bcpkix-jdk15on/1.48/bcpkix-jdk15on-1.48.jar:/Users/shauzab/.m2/repository/mx4j/mx4j-tools/3.0.1/mx4j-tools-3.0.1.jar:/Users/shauzab/.m2/repository/org/mortbay/jetty/servlet-api-2.5/6.1.9/servlet-api-2.5-6.1.9.jar:/Users/shauzab/.m2/repository/org/seleniumhq/selenium/jetty-repacked/7.6.1/jetty-repacked-7.6.1.jar:/Users/shauzab/.m2/repository/net/jcip/jcip-annotations/1.0/jcip-annotations-1.0.jar:/Users/shauzab/.m2/repository/org/yaml/snakeyaml/1.8/snakeyaml-1.8.jar:/Users/shauzab/.m2/repository/org/apache/maven/surefire/surefire-testng-utils/2.22.0/surefire-testng-utils-2.22.0.jar:/Users/shauzab/.m2/repository/org/apache/maven/surefire/surefire-grouper/2.22.0/surefire-grouper-2.22.0.jar:"/>
    <property name="baseClass" value="com.pega.test.pega_sample_testframework.MyAppTestEnvironment"/>
    <property name="java.vm.vendor" value="Oracle Corporation"/>
    <property name="sun.arch.data.model" value="64"/>
    <property name="java.vendor.url" value="http://java.oracle.com/"/>
    <property name="user.timezone" value="Europe/London"/>
    <property name="java.vm.specification.version" value="1.8"/>
    <property name="os.name" value="Mac OS X"/>
    <property name="user.country" value="GB"/>
    <property name="sun.java.launcher" value="SUN_STANDARD"/>
    <property name="sun.boot.library.path" value="/Library/Java/JavaVirtualMachines/jdk1.8.0_31.jdk/Contents/Home/jre/lib"/>
    <property name="sun.java.command" value="/Users/shauzab/git/AT/PegaTA/target/surefire/surefirebooter4988048778822967875.jar /Users/shauzab/git/AT/PegaTA/target/surefire 2020-06-07T13-39-48_961-jvmRun1 surefire7457101404480238646tmp surefire_04359067933214933576tmp"/>
    <property name="http.nonProxyHosts" value="local|*.local|169.254/16|*.169.254/16"/>
    <property name="surefire.test.class.path" value="/Users/shauzab/git/AT/PegaTA/target/test-classes:/Users/shauzab/git/AT/PegaTA/target/classes:/Users/shauzab/.m2/repository/junit/junit/3.8.1/junit-3.8.1.jar:/Users/shauzab/git/AT/PegaTA/lib/pega-base-ui-testframework-2.1.0.jar:/Users/shauzab/.m2/repository/org/seleniumhq/selenium/selenium-java/3.141.59/selenium-java-3.141.59.jar:/Users/shauzab/.m2/repository/org/seleniumhq/selenium/selenium-api/3.141.59/selenium-api-3.141.59.jar:/Users/shauzab/.m2/repository/org/seleniumhq/selenium/selenium-chrome-driver/3.141.59/selenium-chrome-driver-3.141.59.jar:/Users/shauzab/.m2/repository/org/seleniumhq/selenium/selenium-edge-driver/3.141.59/selenium-edge-driver-3.141.59.jar:/Users/shauzab/.m2/repository/org/seleniumhq/selenium/selenium-firefox-driver/3.141.59/selenium-firefox-driver-3.141.59.jar:/Users/shauzab/.m2/repository/org/seleniumhq/selenium/selenium-ie-driver/3.141.59/selenium-ie-driver-3.141.59.jar:/Users/shauzab/.m2/repository/org/seleniumhq/selenium/selenium-opera-driver/3.141.59/selenium-opera-driver-3.141.59.jar:/Users/shauzab/.m2/repository/org/seleniumhq/selenium/selenium-remote-driver/3.141.59/selenium-remote-driver-3.141.59.jar:/Users/shauzab/.m2/repository/org/seleniumhq/selenium/selenium-safari-driver/3.141.59/selenium-safari-driver-3.141.59.jar:/Users/shauzab/.m2/repository/org/seleniumhq/selenium/selenium-support/3.141.59/selenium-support-3.141.59.jar:/Users/shauzab/.m2/repository/net/bytebuddy/byte-buddy/1.8.15/byte-buddy-1.8.15.jar:/Users/shauzab/.m2/repository/org/apache/commons/commons-exec/1.3/commons-exec-1.3.jar:/Users/shauzab/.m2/repository/com/google/guava/guava/25.0-jre/guava-25.0-jre.jar:/Users/shauzab/.m2/repository/com/google/code/findbugs/jsr305/1.3.9/jsr305-1.3.9.jar:/Users/shauzab/.m2/repository/org/checkerframework/checker-compat-qual/2.0.0/checker-compat-qual-2.0.0.jar:/Users/shauzab/.m2/repository/com/google/errorprone/error_prone_annotations/2.1.3/error_prone_annotations-2.1.3.jar:/Users/shauzab/.m2/repository/com/google/j2objc/j2objc-annotations/1.1/j2objc-annotations-1.1.jar:/Users/shauzab/.m2/repository/org/codehaus/mojo/animal-sniffer-annotations/1.14/animal-sniffer-annotations-1.14.jar:/Users/shauzab/.m2/repository/com/squareup/okhttp3/okhttp/3.11.0/okhttp-3.11.0.jar:/Users/shauzab/.m2/repository/com/squareup/okio/okio/1.14.0/okio-1.14.0.jar:/Users/shauzab/.m2/repository/net/sf/json-lib/json-lib/2.2/json-lib-2.2-jdk15.jar:/Users/shauzab/.m2/repository/commons-beanutils/commons-beanutils/1.7.0/commons-beanutils-1.7.0.jar:/Users/shauzab/.m2/repository/commons-collections/commons-collections/3.2/commons-collections-3.2.jar:/Users/shauzab/.m2/repository/commons-lang/commons-lang/2.3/commons-lang-2.3.jar:/Users/shauzab/.m2/repository/commons-logging/commons-logging/1.1/commons-logging-1.1.jar:/Users/shauzab/.m2/repository/net/sf/ezmorph/ezmorph/1.0.4/ezmorph-1.0.4.jar:/Users/shauzab/.m2/repository/com/pojosontheweb/monte-repack/1.0/monte-repack-1.0.jar:/Users/shauzab/.m2/repository/javax/media/jai/com.springsource.javax.media.jai.core/1.1.3/com.springsource.javax.media.jai.core-1.1.3.jar:/Users/shauzab/.m2/repository/javax/media/jai/com.springsource.javax.media.jai.codec/1.1.3/com.springsource.javax.media.jai.codec-1.1.3.jar:/Users/shauzab/.m2/repository/javax/media/jmf/2.1.1e/jmf-2.1.1e.jar:/Users/shauzab/.m2/repository/org/testng/testng/6.8.8/testng-6.8.8.jar:/Users/shauzab/.m2/repository/org/beanshell/bsh/2.0b4/bsh-2.0b4.jar:/Users/shauzab/.m2/repository/com/beust/jcommander/1.27/jcommander-1.27.jar:/Users/shauzab/.m2/repository/org/jsoup/jsoup/1.7.2/jsoup-1.7.2.jar:/Users/shauzab/.m2/repository/javax/mail/mail/1.4/mail-1.4.jar:/Users/shauzab/.m2/repository/javax/activation/activation/1.1/activation-1.1.jar:/Users/shauzab/.m2/repository/com/sun/jersey/jersey-client/1.8/jersey-client-1.8.jar:/Users/shauzab/.m2/repository/com/sun/jersey/jersey-core/1.8/jersey-core-1.8.jar:/Users/shauzab/.m2/repository/net/lingala/zip4j/zip4j/1.3.2/zip4j-1.3.2.jar:/Users/shauzab/.m2/repository/io/appium/java-client/5.0.4/java-client-5.0.4.jar:/Users/shauzab/.m2/repository/com/google/code/gson/gson/2.8.2/gson-2.8.2.jar:/Users/shauzab/.m2/repository/org/apache/httpcomponents/httpclient/4.5.3/httpclient-4.5.3.jar:/Users/shauzab/.m2/repository/org/apache/httpcomponents/httpcore/4.4.6/httpcore-4.4.6.jar:/Users/shauzab/.m2/repository/cglib/cglib/3.2.5/cglib-3.2.5.jar:/Users/shauzab/.m2/repository/org/ow2/asm/asm/5.2/asm-5.2.jar:/Users/shauzab/.m2/repository/org/apache/ant/ant/1.9.6/ant-1.9.6.jar:/Users/shauzab/.m2/repository/org/apache/ant/ant-launcher/1.9.6/ant-launcher-1.9.6.jar:/Users/shauzab/.m2/repository/commons-validator/commons-validator/1.6/commons-validator-1.6.jar:/Users/shauzab/.m2/repository/commons-digester/commons-digester/1.8.1/commons-digester-1.8.1.jar:/Users/shauzab/.m2/repository/org/apache/commons/commons-lang3/3.6/commons-lang3-3.6.jar:/Users/shauzab/.m2/repository/org/springframework/spring-context/5.0.0.RELEASE/spring-context-5.0.0.RELEASE.jar:/Users/shauzab/.m2/repository/org/springframework/spring-aop/5.0.0.RELEASE/spring-aop-5.0.0.RELEASE.jar:/Users/shauzab/.m2/repository/org/springframework/spring-beans/5.0.0.RELEASE/spring-beans-5.0.0.RELEASE.jar:/Users/shauzab/.m2/repository/org/springframework/spring-core/5.0.0.RELEASE/spring-core-5.0.0.RELEASE.jar:/Users/shauzab/.m2/repository/org/springframework/spring-jcl/5.0.0.RELEASE/spring-jcl-5.0.0.RELEASE.jar:/Users/shauzab/.m2/repository/org/springframework/spring-expression/5.0.0.RELEASE/spring-expression-5.0.0.RELEASE.jar:/Users/shauzab/.m2/repository/org/aspectj/aspectjweaver/1.8.11/aspectjweaver-1.8.11.jar:/Users/shauzab/.m2/repository/org/openpnp/opencv/3.2.0-1/opencv-3.2.0-1.jar:/Users/shauzab/.m2/repository/com/opencsv/opencsv/3.9/opencsv-3.9.jar:/Users/shauzab/.m2/repository/org/apache/poi/poi-ooxml/3.14/poi-ooxml-3.14.jar:/Users/shauzab/.m2/repository/org/apache/poi/poi/3.14/poi-3.14.jar:/Users/shauzab/.m2/repository/org/apache/poi/poi-ooxml-schemas/3.14/poi-ooxml-schemas-3.14.jar:/Users/shauzab/.m2/repository/org/apache/xmlbeans/xmlbeans/2.6.0/xmlbeans-2.6.0.jar:/Users/shauzab/.m2/repository/stax/stax-api/1.0.1/stax-api-1.0.1.jar:/Users/shauzab/.m2/repository/com/github/virtuald/curvesapi/1.03/curvesapi-1.03.jar:/Users/shauzab/.m2/repository/org/apache/pdfbox/pdfbox/2.0.6/pdfbox-2.0.6.jar:/Users/shauzab/.m2/repository/org/apache/pdfbox/fontbox/2.0.6/fontbox-2.0.6.jar:/Users/shauzab/.m2/repository/org/slf4j/slf4j-api/1.7.5/slf4j-api-1.7.5.jar:/Users/shauzab/.m2/repository/ch/qos/logback/logback-classic/1.1.2/logback-classic-1.1.2.jar:/Users/shauzab/.m2/repository/ch/qos/logback/logback-core/1.1.2/logback-core-1.1.2.jar:/Users/shauzab/.m2/repository/commons-codec/commons-codec/1.11/commons-codec-1.11.jar:/Users/shauzab/.m2/repository/commons-io/commons-io/2.6/commons-io-2.6.jar:/Users/shauzab/.m2/repository/com/google/inject/guice/3.0/guice-3.0.jar:/Users/shauzab/.m2/repository/javax/inject/javax.inject/1/javax.inject-1.jar:/Users/shauzab/.m2/repository/aopalliance/aopalliance/1.0/aopalliance-1.0.jar:/Users/shauzab/.m2/repository/io/cucumber/gherkin/5.1.0/gherkin-5.1.0.jar:/Users/shauzab/.m2/repository/io/cucumber/gherkin-jvm-deps/1.0.4/gherkin-jvm-deps-1.0.4.jar:/Users/shauzab/.m2/repository/io/cucumber/cucumber-core/4.4.0/cucumber-core-4.4.0.jar:/Users/shauzab/.m2/repository/io/cucumber/tag-expressions/1.1.1/tag-expressions-1.1.1.jar:/Users/shauzab/.m2/repository/io/cucumber/cucumber-expressions/7.0.2/cucumber-expressions-7.0.2.jar:/Users/shauzab/.m2/repository/io/cucumber/datatable/1.1.14/datatable-1.1.14.jar:/Users/shauzab/.m2/repository/io/cucumber/datatable-dependencies/1.1.14/datatable-dependencies-1.1.14.jar:/Users/shauzab/.m2/repository/io/cucumber/cucumber-java/4.4.0/cucumber-java-4.4.0.jar:/Users/shauzab/.m2/repository/io/cucumber/cucumber-testng/4.4.0/cucumber-testng-4.4.0.jar:/Users/shauzab/.m2/repository/io/cucumber/cucumber-junit/4.4.0/cucumber-junit-4.4.0.jar:/Users/shauzab/.m2/repository/io/cucumber/cucumber-guice/4.4.0/cucumber-guice-4.4.0.jar:/Users/shauzab/.m2/repository/org/apache/maven/plugin-tools/maven-plugin-annotations/3.2/maven-plugin-annotations-3.2.jar:/Users/shauzab/.m2/repository/org/apache/maven/maven-artifact/3.0/maven-artifact-3.0.jar:/Users/shauzab/.m2/repository/org/codehaus/plexus/plexus-utils/2.0.4/plexus-utils-2.0.4.jar:/Users/shauzab/.m2/repository/com/jayway/restassured/rest-assured/2.9.0/rest-assured-2.9.0.jar:/Users/shauzab/.m2/repository/org/codehaus/groovy/groovy/2.4.4/groovy-2.4.4.jar:/Users/shauzab/.m2/repository/org/codehaus/groovy/groovy-xml/2.4.4/groovy-xml-2.4.4.jar:/Users/shauzab/.m2/repository/org/apache/httpcomponents/httpmime/4.5.1/httpmime-4.5.1.jar:/Users/shauzab/.m2/repository/org/hamcrest/hamcrest-core/1.3/hamcrest-core-1.3.jar:/Users/shauzab/.m2/repository/org/hamcrest/hamcrest-library/1.3/hamcrest-library-1.3.jar:/Users/shauzab/.m2/repository/org/ccil/cowan/tagsoup/tagsoup/1.2.1/tagsoup-1.2.1.jar:/Users/shauzab/.m2/repository/com/jayway/restassured/json-path/2.9.0/json-path-2.9.0.jar:/Users/shauzab/.m2/repository/org/codehaus/groovy/groovy-json/2.4.4/groovy-json-2.4.4.jar:/Users/shauzab/.m2/repository/com/jayway/restassured/rest-assured-common/2.9.0/rest-assured-common-2.9.0.jar:/Users/shauzab/.m2/repository/com/jayway/restassured/xml-path/2.9.0/xml-path-2.9.0.jar:/Users/shauzab/.m2/repository/com/jayway/restassured/json-schema-validator/2.9.0/json-schema-validator-2.9.0.jar:/Users/shauzab/.m2/repository/com/github/fge/json-schema-validator/2.2.6/json-schema-validator-2.2.6.jar:/Users/shauzab/.m2/repository/joda-time/joda-time/2.3/joda-time-2.3.jar:/Users/shauzab/.m2/repository/com/googlecode/libphonenumber/libphonenumber/6.2/libphonenumber-6.2.jar:/Users/shauzab/.m2/repository/com/github/fge/json-schema-core/1.2.5/json-schema-core-1.2.5.jar:/Users/shauzab/.m2/repository/com/github/fge/uri-template/0.9/uri-template-0.9.jar:/Users/shauzab/.m2/repository/com/github/fge/msg-simple/1.1/msg-simple-1.1.jar:/Users/shauzab/.m2/repository/com/github/fge/btf/1.2/btf-1.2.jar:/Users/shauzab/.m2/repository/com/github/fge/jackson-coreutils/1.8/jackson-coreutils-1.8.jar:/Users/shauzab/.m2/repository/com/fasterxml/jackson/core/jackson-databind/2.2.3/jackson-databind-2.2.3.jar:/Users/shauzab/.m2/repository/com/fasterxml/jackson/core/jackson-annotations/2.2.3/jackson-annotations-2.2.3.jar:/Users/shauzab/.m2/repository/com/fasterxml/jackson/core/jackson-core/2.2.3/jackson-core-2.2.3.jar:/Users/shauzab/.m2/repository/org/mozilla/rhino/1.7R4/rhino-1.7R4.jar:/Users/shauzab/.m2/repository/javax/mail/mailapi/1.4.3/mailapi-1.4.3.jar:/Users/shauzab/.m2/repository/net/sf/jopt-simple/jopt-simple/4.6/jopt-simple-4.6.jar:/Users/shauzab/.m2/repository/org/seleniumhq/selenium/htmlunit-driver/2.35.1/htmlunit-driver-2.35.1.jar:/Users/shauzab/.m2/repository/net/sourceforge/htmlunit/htmlunit/2.35.0/htmlunit-2.35.0.jar:/Users/shauzab/.m2/repository/xalan/xalan/2.7.2/xalan-2.7.2.jar:/Users/shauzab/.m2/repository/xalan/serializer/2.7.2/serializer-2.7.2.jar:/Users/shauzab/.m2/repository/org/apache/commons/commons-text/1.6/commons-text-1.6.jar:/Users/shauzab/.m2/repository/net/sourceforge/htmlunit/htmlunit-core-js/2.35.0/htmlunit-core-js-2.35.0.jar:/Users/shauzab/.m2/repository/net/sourceforge/htmlunit/neko-htmlunit/2.35.0/neko-htmlunit-2.35.0.jar:/Users/shauzab/.m2/repository/xerces/xercesImpl/2.12.0/xercesImpl-2.12.0.jar:/Users/shauzab/.m2/repository/xml-apis/xml-apis/1.4.01/xml-apis-1.4.01.jar:/Users/shauzab/.m2/repository/net/sourceforge/htmlunit/htmlunit-cssparser/1.4.0/htmlunit-cssparser-1.4.0.jar:/Users/shauzab/.m2/repository/commons-net/commons-net/3.6/commons-net-3.6.jar:/Users/shauzab/.m2/repository/org/eclipse/jetty/websocket/websocket-client/9.4.16.v20190411/websocket-client-9.4.16.v20190411.jar:/Users/shauzab/.m2/repository/org/eclipse/jetty/jetty-client/9.4.16.v20190411/jetty-client-9.4.16.v20190411.jar:/Users/shauzab/.m2/repository/org/eclipse/jetty/jetty-http/9.4.16.v20190411/jetty-http-9.4.16.v20190411.jar:/Users/shauzab/.m2/repository/org/eclipse/jetty/jetty-xml/9.4.16.v20190411/jetty-xml-9.4.16.v20190411.jar:/Users/shauzab/.m2/repository/org/eclipse/jetty/jetty-util/9.4.16.v20190411/jetty-util-9.4.16.v20190411.jar:/Users/shauzab/.m2/repository/org/eclipse/jetty/jetty-io/9.4.16.v20190411/jetty-io-9.4.16.v20190411.jar:/Users/shauzab/.m2/repository/org/eclipse/jetty/websocket/websocket-common/9.4.16.v20190411/websocket-common-9.4.16.v20190411.jar:/Users/shauzab/.m2/repository/org/eclipse/jetty/websocket/websocket-api/9.4.16.v20190411/websocket-api-9.4.16.v20190411.jar:/Users/shauzab/.m2/repository/com/github/detro/ghostdriver/phantomjsdriver/1.1.0/phantomjsdriver-1.1.0.jar:/Users/shauzab/.m2/repository/org/seleniumhq/selenium/selenium-server/2.39.0/selenium-server-2.39.0.jar:/Users/shauzab/.m2/repository/org/bouncycastle/bcprov-jdk15on/1.48/bcprov-jdk15on-1.48.jar:/Users/shauzab/.m2/repository/org/bouncycastle/bcpkix-jdk15on/1.48/bcpkix-jdk15on-1.48.jar:/Users/shauzab/.m2/repository/mx4j/mx4j-tools/3.0.1/mx4j-tools-3.0.1.jar:/Users/shauzab/.m2/repository/org/mortbay/jetty/servlet-api-2.5/6.1.9/servlet-api-2.5-6.1.9.jar:/Users/shauzab/.m2/repository/org/seleniumhq/selenium/jetty-repacked/7.6.1/jetty-repacked-7.6.1.jar:/Users/shauzab/.m2/repository/net/jcip/jcip-annotations/1.0/jcip-annotations-1.0.jar:/Users/shauzab/.m2/repository/org/yaml/snakeyaml/1.8/snakeyaml-1.8.jar:/Users/shauzab/.m2/repository/org/apache/maven/surefire/surefire-testng-utils/2.22.0/surefire-testng-utils-2.22.0.jar:/Users/shauzab/.m2/repository/org/apache/maven/surefire/surefire-grouper/2.22.0/surefire-grouper-2.22.0.jar:"/>
    <property name="sun.cpu.endian" value="little"/>
    <property name="user.home" value="/Users/shauzab"/>
    <property name="user.language" value="en"/>
    <property name="java.specification.vendor" value="Oracle Corporation"/>
    <property name="java.home" value="/Library/Java/JavaVirtualMachines/jdk1.8.0_31.jdk/Contents/Home/jre"/>
    <property name="runMode" value="Cucumber-OneStepDef"/>
    <property name="basedir" value="/Users/shauzab/git/AT/PegaTA"/>
    <property name="file.separator" value="/"/>
    <property name="line.separator" value="&#10;"/>
    <property name="java.vm.specification.vendor" value="Oracle Corporation"/>
    <property name="java.specification.name" value="Java Platform API Specification"/>
    <property name="java.awt.graphicsenv" value="sun.awt.CGraphicsEnvironment"/>
    <property name="surefire.real.class.path" value="/Users/shauzab/git/AT/PegaTA/target/surefire/surefirebooter4988048778822967875.jar"/>
    <property name="sun.boot.class.path" value="/Library/Java/JavaVirtualMachines/jdk1.8.0_31.jdk/Contents/Home/jre/lib/resources.jar:/Library/Java/JavaVirtualMachines/jdk1.8.0_31.jdk/Contents/Home/jre/lib/rt.jar:/Library/Java/JavaVirtualMachines/jdk1.8.0_31.jdk/Contents/Home/jre/lib/sunrsasign.jar:/Library/Java/JavaVirtualMachines/jdk1.8.0_31.jdk/Contents/Home/jre/lib/jsse.jar:/Library/Java/JavaVirtualMachines/jdk1.8.0_31.jdk/Contents/Home/jre/lib/jce.jar:/Library/Java/JavaVirtualMachines/jdk1.8.0_31.jdk/Contents/Home/jre/lib/charsets.jar:/Library/Java/JavaVirtualMachines/jdk1.8.0_31.jdk/Contents/Home/jre/lib/jfr.jar:/Library/Java/JavaVirtualMachines/jdk1.8.0_31.jdk/Contents/Home/jre/classes"/>
    <property name="sun.management.compiler" value="HotSpot 64-Bit Tiered Compilers"/>
    <property name="ftp.nonProxyHosts" value="local|*.local|169.254/16|*.169.254/16"/>
    <property name="java.runtime.version" value="1.8.0_31-b13"/>
    <property name="user.name" value="shauzab"/>
    <property name="path.separator" value=":"/>
    <property name="os.version" value="10.14.6"/>
    <property name="java.endorsed.dirs" value="/Library/Java/JavaVirtualMachines/jdk1.8.0_31.jdk/Contents/Home/jre/lib/endorsed"/>
    <property name="java.runtime.name" value="Java(TM) SE Runtime Environment"/>
    <property name="file.encoding" value="UTF-8"/>
    <property name="java.vm.name" value="Java HotSpot(TM) 64-Bit Server VM"/>
    <property name="localRepository" value="/Users/shauzab/.m2/repository"/>
    <property name="cucumber.options" value=" --tags 								@regression 								--plugin pretty 								--plugin 								json:target/cucumber-report.json"/>
    <property name="java.vendor.url.bug" value="http://bugreport.sun.com/bugreport/"/>
    <property name="java.io.tmpdir" value="/var/folders/qh/z5xhfb091pb9284_lg_0klm40000gn/T/"/>
    <property name="java.version" value="1.8.0_31"/>
    <property name="user.dir" value="/Users/shauzab/git/AT/PegaTA"/>
    <property name="os.arch" value="x86_64"/>
    <property name="java.vm.specification.name" value="Java Virtual Machine Specification"/>
    <property name="java.awt.printerjob" value="sun.lwawt.macosx.CPrinterJob"/>
    <property name="sun.os.patch.level" value="unknown"/>
    <property name="java.library.path" value="/Users/shauzab/Library/Java/Extensions:/Library/Java/Extensions:/Network/Library/Java/Extensions:/System/Library/Java/Extensions:/usr/lib/java:."/>
    <property name="java.vm.info" value="mixed mode"/>
    <property name="java.vendor" value="Oracle Corporation"/>
    <property name="java.vm.version" value="25.31-b07"/>
    <property name="java.ext.dirs" value="/Users/shauzab/Library/Java/Extensions:/Library/Java/JavaVirtualMachines/jdk1.8.0_31.jdk/Contents/Home/jre/lib/ext:/Library/Java/Extensions:/Network/Library/Java/Extensions:/System/Library/Java/Extensions:/usr/lib/java"/>
    <property name="sun.io.unicode.encoding" value="UnicodeBig"/>
    <property name="java.class.version" value="52.0"/>
    <property name="socksNonProxyHosts" value="local|*.local|169.254/16|*.169.254/16"/>
  </properties>
  <testcase name="runScenario" classname="RunCucumberTest" time="47.803"/>
</testsuite>