<?xml version="1.0" encoding="UTF-8"?>
<testsuite xmlns:xsi="http://www.w3.org/2001/XMLSchema-instance" xsi:noNamespaceSchemaLocation="https://maven.apache.org/surefire/maven-surefire-plugin/xsd/surefire-test-report.xsd" name="TestSuite" time="205.106" tests="1" errors="0" skipped="0" failures="1">
  <properties>
    <property name="sun.desktop" value="windows"/>
    <property name="awt.toolkit" value="sun.awt.windows.WToolkit"/>
    <property name="file.encoding.pkg" value="sun.io"/>
    <property name="java.specification.version" value="1.8"/>
    <property name="sun.cpu.isalist" value="amd64"/>
    <property name="sun.jnu.encoding" value="Cp1252"/>
    <property name="java.class.path" value="C:\Users\User\git\AT\PegaTA\target\test-classes;C:\Users\User\git\AT\PegaTA\target\classes;C:\Users\User\.m2\repository\junit\junit\3.8.1\junit-3.8.1.jar;C:\Users\User\git\AT\PegaTA\lib\pega-base-ui-testframework-2.1.0.jar;C:\Users\User\.m2\repository\org\seleniumhq\selenium\selenium-java\3.141.59\selenium-java-3.141.59.jar;C:\Users\User\.m2\repository\org\seleniumhq\selenium\selenium-api\3.141.59\selenium-api-3.141.59.jar;C:\Users\User\.m2\repository\org\seleniumhq\selenium\selenium-chrome-driver\3.141.59\selenium-chrome-driver-3.141.59.jar;C:\Users\User\.m2\repository\org\seleniumhq\selenium\selenium-edge-driver\3.141.59\selenium-edge-driver-3.141.59.jar;C:\Users\User\.m2\repository\org\seleniumhq\selenium\selenium-firefox-driver\3.141.59\selenium-firefox-driver-3.141.59.jar;C:\Users\User\.m2\repository\org\seleniumhq\selenium\selenium-ie-driver\3.141.59\selenium-ie-driver-3.141.59.jar;C:\Users\User\.m2\repository\org\seleniumhq\selenium\selenium-opera-driver\3.141.59\selenium-opera-driver-3.141.59.jar;C:\Users\User\.m2\repository\org\seleniumhq\selenium\selenium-remote-driver\3.141.59\selenium-remote-driver-3.141.59.jar;C:\Users\User\.m2\repository\org\seleniumhq\selenium\selenium-safari-driver\3.141.59\selenium-safari-driver-3.141.59.jar;C:\Users\User\.m2\repository\org\seleniumhq\selenium\selenium-support\3.141.59\selenium-support-3.141.59.jar;C:\Users\User\.m2\repository\net\bytebuddy\byte-buddy\1.8.15\byte-buddy-1.8.15.jar;C:\Users\User\.m2\repository\org\apache\commons\commons-exec\1.3\commons-exec-1.3.jar;C:\Users\User\.m2\repository\com\google\guava\guava\25.0-jre\guava-25.0-jre.jar;C:\Users\User\.m2\repository\com\google\code\findbugs\jsr305\1.3.9\jsr305-1.3.9.jar;C:\Users\User\.m2\repository\org\checkerframework\checker-compat-qual\2.0.0\checker-compat-qual-2.0.0.jar;C:\Users\User\.m2\repository\com\google\errorprone\error_prone_annotations\2.1.3\error_prone_annotations-2.1.3.jar;C:\Users\User\.m2\repository\com\google\j2objc\j2objc-annotations\1.1\j2objc-annotations-1.1.jar;C:\Users\User\.m2\repository\org\codehaus\mojo\animal-sniffer-annotations\1.14\animal-sniffer-annotations-1.14.jar;C:\Users\User\.m2\repository\com\squareup\okhttp3\okhttp\3.11.0\okhttp-3.11.0.jar;C:\Users\User\.m2\repository\com\squareup\okio\okio\1.14.0\okio-1.14.0.jar;C:\Users\User\.m2\repository\net\sf\json-lib\json-lib\2.2\json-lib-2.2-jdk15.jar;C:\Users\User\.m2\repository\commons-beanutils\commons-beanutils\1.7.0\commons-beanutils-1.7.0.jar;C:\Users\User\.m2\repository\commons-collections\commons-collections\3.2\commons-collections-3.2.jar;C:\Users\User\.m2\repository\commons-lang\commons-lang\2.3\commons-lang-2.3.jar;C:\Users\User\.m2\repository\commons-logging\commons-logging\1.1\commons-logging-1.1.jar;C:\Users\User\.m2\repository\net\sf\ezmorph\ezmorph\1.0.4\ezmorph-1.0.4.jar;C:\Users\User\.m2\repository\com\pojosontheweb\monte-repack\1.0\monte-repack-1.0.jar;C:\Users\User\.m2\repository\javax\media\jai\com.springsource.javax.media.jai.core\1.1.3\com.springsource.javax.media.jai.core-1.1.3.jar;C:\Users\User\.m2\repository\javax\media\jai\com.springsource.javax.media.jai.codec\1.1.3\com.springsource.javax.media.jai.codec-1.1.3.jar;C:\Users\User\.m2\repository\javax\media\jmf\2.1.1e\jmf-2.1.1e.jar;C:\Users\User\.m2\repository\org\testng\testng\6.8.8\testng-6.8.8.jar;C:\Users\User\.m2\repository\org\beanshell\bsh\2.0b4\bsh-2.0b4.jar;C:\Users\User\.m2\repository\com\beust\jcommander\1.27\jcommander-1.27.jar;C:\Users\User\.m2\repository\org\jsoup\jsoup\1.7.2\jsoup-1.7.2.jar;C:\Users\User\.m2\repository\javax\mail\mail\1.4\mail-1.4.jar;C:\Users\User\.m2\repository\javax\activation\activation\1.1\activation-1.1.jar;C:\Users\User\.m2\repository\com\sun\jersey\jersey-client\1.8\jersey-client-1.8.jar;C:\Users\User\.m2\repository\com\sun\jersey\jersey-core\1.8\jersey-core-1.8.jar;C:\Users\User\.m2\repository\net\lingala\zip4j\zip4j\1.3.2\zip4j-1.3.2.jar;C:\Users\User\.m2\repository\io\appium\java-client\5.0.4\java-client-5.0.4.jar;C:\Users\User\.m2\repository\com\google\code\gson\gson\2.8.2\gson-2.8.2.jar;C:\Users\User\.m2\repository\org\apache\httpcomponents\httpclient\4.5.3\httpclient-4.5.3.jar;C:\Users\User\.m2\repository\org\apache\httpcomponents\httpcore\4.4.6\httpcore-4.4.6.jar;C:\Users\User\.m2\repository\cglib\cglib\3.2.5\cglib-3.2.5.jar;C:\Users\User\.m2\repository\org\ow2\asm\asm\5.2\asm-5.2.jar;C:\Users\User\.m2\repository\org\apache\ant\ant\1.9.6\ant-1.9.6.jar;C:\Users\User\.m2\repository\org\apache\ant\ant-launcher\1.9.6\ant-launcher-1.9.6.jar;C:\Users\User\.m2\repository\commons-validator\commons-validator\1.6\commons-validator-1.6.jar;C:\Users\User\.m2\repository\commons-digester\commons-digester\1.8.1\commons-digester-1.8.1.jar;C:\Users\User\.m2\repository\org\apache\commons\commons-lang3\3.6\commons-lang3-3.6.jar;C:\Users\User\.m2\repository\org\springframework\spring-context\5.0.0.RELEASE\spring-context-5.0.0.RELEASE.jar;C:\Users\User\.m2\repository\org\springframework\spring-aop\5.0.0.RELEASE\spring-aop-5.0.0.RELEASE.jar;C:\Users\User\.m2\repository\org\springframework\spring-beans\5.0.0.RELEASE\spring-beans-5.0.0.RELEASE.jar;C:\Users\User\.m2\repository\org\springframework\spring-core\5.0.0.RELEASE\spring-core-5.0.0.RELEASE.jar;C:\Users\User\.m2\repository\org\springframework\spring-jcl\5.0.0.RELEASE\spring-jcl-5.0.0.RELEASE.jar;C:\Users\User\.m2\repository\org\springframework\spring-expression\5.0.0.RELEASE\spring-expression-5.0.0.RELEASE.jar;C:\Users\User\.m2\repository\org\aspectj\aspectjweaver\1.8.11\aspectjweaver-1.8.11.jar;C:\Users\User\.m2\repository\org\openpnp\opencv\3.2.0-1\opencv-3.2.0-1.jar;C:\Users\User\.m2\repository\com\opencsv\opencsv\3.9\opencsv-3.9.jar;C:\Users\User\.m2\repository\org\apache\poi\poi-ooxml\3.14\poi-ooxml-3.14.jar;C:\Users\User\.m2\repository\org\apache\poi\poi\3.14\poi-3.14.jar;C:\Users\User\.m2\repository\org\apache\poi\poi-ooxml-schemas\3.14\poi-ooxml-schemas-3.14.jar;C:\Users\User\.m2\repository\org\apache\xmlbeans\xmlbeans\2.6.0\xmlbeans-2.6.0.jar;C:\Users\User\.m2\repository\stax\stax-api\1.0.1\stax-api-1.0.1.jar;C:\Users\User\.m2\repository\com\github\virtuald\curvesapi\1.03\curvesapi-1.03.jar;C:\Users\User\.m2\repository\org\apache\pdfbox\pdfbox\2.0.6\pdfbox-2.0.6.jar;C:\Users\User\.m2\repository\org\apache\pdfbox\fontbox\2.0.6\fontbox-2.0.6.jar;C:\Users\User\.m2\repository\org\slf4j\slf4j-api\1.7.5\slf4j-api-1.7.5.jar;C:\Users\User\.m2\repository\ch\qos\logback\logback-classic\1.1.2\logback-classic-1.1.2.jar;C:\Users\User\.m2\repository\ch\qos\logback\logback-core\1.1.2\logback-core-1.1.2.jar;C:\Users\User\.m2\repository\commons-codec\commons-codec\1.11\commons-codec-1.11.jar;C:\Users\User\.m2\repository\commons-io\commons-io\2.6\commons-io-2.6.jar;C:\Users\User\.m2\repository\com\google\inject\guice\3.0\guice-3.0.jar;C:\Users\User\.m2\repository\javax\inject\javax.inject\1\javax.inject-1.jar;C:\Users\User\.m2\repository\aopalliance\aopalliance\1.0\aopalliance-1.0.jar;C:\Users\User\.m2\repository\io\cucumber\gherkin\5.1.0\gherkin-5.1.0.jar;C:\Users\User\.m2\repository\io\cucumber\gherkin-jvm-deps\1.0.4\gherkin-jvm-deps-1.0.4.jar;C:\Users\User\.m2\repository\io\cucumber\cucumber-core\4.4.0\cucumber-core-4.4.0.jar;C:\Users\User\.m2\repository\io\cucumber\tag-expressions\1.1.1\tag-expressions-1.1.1.jar;C:\Users\User\.m2\repository\io\cucumber\cucumber-expressions\7.0.2\cucumber-expressions-7.0.2.jar;C:\Users\User\.m2\repository\io\cucumber\datatable\1.1.14\datatable-1.1.14.jar;C:\Users\User\.m2\repository\io\cucumber\datatable-dependencies\1.1.14\datatable-dependencies-1.1.14.jar;C:\Users\User\.m2\repository\io\cucumber\cucumber-java\4.4.0\cucumber-java-4.4.0.jar;C:\Users\User\.m2\repository\io\cucumber\cucumber-testng\4.4.0\cucumber-testng-4.4.0.jar;C:\Users\User\.m2\repository\io\cucumber\cucumber-junit\4.4.0\cucumber-junit-4.4.0.jar;C:\Users\User\.m2\repository\io\cucumber\cucumber-guice\4.4.0\cucumber-guice-4.4.0.jar;C:\Users\User\.m2\repository\org\apache\maven\plugin-tools\maven-plugin-annotations\3.2\maven-plugin-annotations-3.2.jar;C:\Users\User\.m2\repository\org\apache\maven\maven-artifact\3.0\maven-artifact-3.0.jar;C:\Users\User\.m2\repository\org\codehaus\plexus\plexus-utils\2.0.4\plexus-utils-2.0.4.jar;C:\Users\User\.m2\repository\com\jayway\restassured\rest-assured\2.9.0\rest-assured-2.9.0.jar;C:\Users\User\.m2\repository\org\codehaus\groovy\groovy\2.4.4\groovy-2.4.4.jar;C:\Users\User\.m2\repository\org\codehaus\groovy\groovy-xml\2.4.4\groovy-xml-2.4.4.jar;C:\Users\User\.m2\repository\org\apache\httpcomponents\httpmime\4.5.1\httpmime-4.5.1.jar;C:\Users\User\.m2\repository\org\hamcrest\hamcrest-core\1.3\hamcrest-core-1.3.jar;C:\Users\User\.m2\repository\org\hamcrest\hamcrest-library\1.3\hamcrest-library-1.3.jar;C:\Users\User\.m2\repository\org\ccil\cowan\tagsoup\tagsoup\1.2.1\tagsoup-1.2.1.jar;C:\Users\User\.m2\repository\com\jayway\restassured\json-path\2.9.0\json-path-2.9.0.jar;C:\Users\User\.m2\repository\org\codehaus\groovy\groovy-json\2.4.4\groovy-json-2.4.4.jar;C:\Users\User\.m2\repository\com\jayway\restassured\rest-assured-common\2.9.0\rest-assured-common-2.9.0.jar;C:\Users\User\.m2\repository\com\jayway\restassured\xml-path\2.9.0\xml-path-2.9.0.jar;C:\Users\User\.m2\repository\com\jayway\restassured\json-schema-validator\2.9.0\json-schema-validator-2.9.0.jar;C:\Users\User\.m2\repository\com\github\fge\json-schema-validator\2.2.6\json-schema-validator-2.2.6.jar;C:\Users\User\.m2\repository\joda-time\joda-time\2.3\joda-time-2.3.jar;C:\Users\User\.m2\repository\com\googlecode\libphonenumber\libphonenumber\6.2\libphonenumber-6.2.jar;C:\Users\User\.m2\repository\com\github\fge\json-schema-core\1.2.5\json-schema-core-1.2.5.jar;C:\Users\User\.m2\repository\com\github\fge\uri-template\0.9\uri-template-0.9.jar;C:\Users\User\.m2\repository\com\github\fge\msg-simple\1.1\msg-simple-1.1.jar;C:\Users\User\.m2\repository\com\github\fge\btf\1.2\btf-1.2.jar;C:\Users\User\.m2\repository\com\github\fge\jackson-coreutils\1.8\jackson-coreutils-1.8.jar;C:\Users\User\.m2\repository\com\fasterxml\jackson\core\jackson-databind\2.2.3\jackson-databind-2.2.3.jar;C:\Users\User\.m2\repository\com\fasterxml\jackson\core\jackson-annotations\2.2.3\jackson-annotations-2.2.3.jar;C:\Users\User\.m2\repository\com\fasterxml\jackson\core\jackson-core\2.2.3\jackson-core-2.2.3.jar;C:\Users\User\.m2\repository\org\mozilla\rhino\1.7R4\rhino-1.7R4.jar;C:\Users\User\.m2\repository\javax\mail\mailapi\1.4.3\mailapi-1.4.3.jar;C:\Users\User\.m2\repository\net\sf\jopt-simple\jopt-simple\4.6\jopt-simple-4.6.jar;C:\Users\User\.m2\repository\org\seleniumhq\selenium\htmlunit-driver\2.35.1\htmlunit-driver-2.35.1.jar;C:\Users\User\.m2\repository\net\sourceforge\htmlunit\htmlunit\2.35.0\htmlunit-2.35.0.jar;C:\Users\User\.m2\repository\xalan\xalan\2.7.2\xalan-2.7.2.jar;C:\Users\User\.m2\repository\xalan\serializer\2.7.2\serializer-2.7.2.jar;C:\Users\User\.m2\repository\org\apache\commons\commons-text\1.6\commons-text-1.6.jar;C:\Users\User\.m2\repository\net\sourceforge\htmlunit\htmlunit-core-js\2.35.0\htmlunit-core-js-2.35.0.jar;C:\Users\User\.m2\repository\net\sourceforge\htmlunit\neko-htmlunit\2.35.0\neko-htmlunit-2.35.0.jar;C:\Users\User\.m2\repository\xerces\xercesImpl\2.12.0\xercesImpl-2.12.0.jar;C:\Users\User\.m2\repository\xml-apis\xml-apis\1.4.01\xml-apis-1.4.01.jar;C:\Users\User\.m2\repository\net\sourceforge\htmlunit\htmlunit-cssparser\1.4.0\htmlunit-cssparser-1.4.0.jar;C:\Users\User\.m2\repository\commons-net\commons-net\3.6\commons-net-3.6.jar;C:\Users\User\.m2\repository\org\eclipse\jetty\websocket\websocket-client\9.4.16.v20190411\websocket-client-9.4.16.v20190411.jar;C:\Users\User\.m2\repository\org\eclipse\jetty\jetty-client\9.4.16.v20190411\jetty-client-9.4.16.v20190411.jar;C:\Users\User\.m2\repository\org\eclipse\jetty\jetty-http\9.4.16.v20190411\jetty-http-9.4.16.v20190411.jar;C:\Users\User\.m2\repository\org\eclipse\jetty\jetty-xml\9.4.16.v20190411\jetty-xml-9.4.16.v20190411.jar;C:\Users\User\.m2\repository\org\eclipse\jetty\jetty-util\9.4.16.v20190411\jetty-util-9.4.16.v20190411.jar;C:\Users\User\.m2\repository\org\eclipse\jetty\jetty-io\9.4.16.v20190411\jetty-io-9.4.16.v20190411.jar;C:\Users\User\.m2\repository\org\eclipse\jetty\websocket\websocket-common\9.4.16.v20190411\websocket-common-9.4.16.v20190411.jar;C:\Users\User\.m2\repository\org\eclipse\jetty\websocket\websocket-api\9.4.16.v20190411\websocket-api-9.4.16.v20190411.jar;C:\Users\User\.m2\repository\com\github\detro\ghostdriver\phantomjsdriver\1.1.0\phantomjsdriver-1.1.0.jar;C:\Users\User\.m2\repository\org\seleniumhq\selenium\selenium-server\2.39.0\selenium-server-2.39.0.jar;C:\Users\User\.m2\repository\org\bouncycastle\bcprov-jdk15on\1.48\bcprov-jdk15on-1.48.jar;C:\Users\User\.m2\repository\org\bouncycastle\bcpkix-jdk15on\1.48\bcpkix-jdk15on-1.48.jar;C:\Users\User\.m2\repository\mx4j\mx4j-tools\3.0.1\mx4j-tools-3.0.1.jar;C:\Users\User\.m2\repository\org\mortbay\jetty\servlet-api-2.5\6.1.9\servlet-api-2.5-6.1.9.jar;C:\Users\User\.m2\repository\org\seleniumhq\selenium\jetty-repacked\7.6.1\jetty-repacked-7.6.1.jar;C:\Users\User\.m2\repository\net\jcip\jcip-annotations\1.0\jcip-annotations-1.0.jar;C:\Users\User\.m2\repository\org\yaml\snakeyaml\1.8\snakeyaml-1.8.jar;C:\Users\User\.m2\repository\org\apache\maven\surefire\surefire-testng-utils\2.22.0\surefire-testng-utils-2.22.0.jar;C:\Users\User\.m2\repository\org\apache\maven\surefire\surefire-grouper\2.22.0\surefire-grouper-2.22.0.jar;"/>
    <property name="baseClass" value="com.pega.test.pega_sample_testframework.MyAppTestEnvironment"/>
    <property name="java.vm.vendor" value="Oracle Corporation"/>
    <property name="sun.arch.data.model" value="64"/>
    <property name="user.variant" value=""/>
    <property name="java.vendor.url" value="http://java.oracle.com/"/>
    <property name="user.timezone" value="Asia/Calcutta"/>
    <property name="java.vm.specification.version" value="1.8"/>
    <property name="os.name" value="Windows 10"/>
    <property name="user.country" value="IN"/>
    <property name="sun.java.launcher" value="SUN_STANDARD"/>
    <property name="sun.boot.library.path" value="C:\Program Files\Java\jdk1.8.0_251\jre\bin"/>
    <property name="sun.java.command" value="C:\Users\User\AppData\Local\Temp\surefire2989460223871042148\surefirebooter4463284462125998792.jar C:\Users\User\AppData\Local\Temp\surefire2989460223871042148 2020-06-11T21-59-50_573-jvmRun1 surefire469406929849004038tmp surefire_02127929478567742894tmp"/>
    <property name="surefire.test.class.path" value="C:\Users\User\git\AT\PegaTA\target\test-classes;C:\Users\User\git\AT\PegaTA\target\classes;C:\Users\User\.m2\repository\junit\junit\3.8.1\junit-3.8.1.jar;C:\Users\User\git\AT\PegaTA\lib\pega-base-ui-testframework-2.1.0.jar;C:\Users\User\.m2\repository\org\seleniumhq\selenium\selenium-java\3.141.59\selenium-java-3.141.59.jar;C:\Users\User\.m2\repository\org\seleniumhq\selenium\selenium-api\3.141.59\selenium-api-3.141.59.jar;C:\Users\User\.m2\repository\org\seleniumhq\selenium\selenium-chrome-driver\3.141.59\selenium-chrome-driver-3.141.59.jar;C:\Users\User\.m2\repository\org\seleniumhq\selenium\selenium-edge-driver\3.141.59\selenium-edge-driver-3.141.59.jar;C:\Users\User\.m2\repository\org\seleniumhq\selenium\selenium-firefox-driver\3.141.59\selenium-firefox-driver-3.141.59.jar;C:\Users\User\.m2\repository\org\seleniumhq\selenium\selenium-ie-driver\3.141.59\selenium-ie-driver-3.141.59.jar;C:\Users\User\.m2\repository\org\seleniumhq\selenium\selenium-opera-driver\3.141.59\selenium-opera-driver-3.141.59.jar;C:\Users\User\.m2\repository\org\seleniumhq\selenium\selenium-remote-driver\3.141.59\selenium-remote-driver-3.141.59.jar;C:\Users\User\.m2\repository\org\seleniumhq\selenium\selenium-safari-driver\3.141.59\selenium-safari-driver-3.141.59.jar;C:\Users\User\.m2\repository\org\seleniumhq\selenium\selenium-support\3.141.59\selenium-support-3.141.59.jar;C:\Users\User\.m2\repository\net\bytebuddy\byte-buddy\1.8.15\byte-buddy-1.8.15.jar;C:\Users\User\.m2\repository\org\apache\commons\commons-exec\1.3\commons-exec-1.3.jar;C:\Users\User\.m2\repository\com\google\guava\guava\25.0-jre\guava-25.0-jre.jar;C:\Users\User\.m2\repository\com\google\code\findbugs\jsr305\1.3.9\jsr305-1.3.9.jar;C:\Users\User\.m2\repository\org\checkerframework\checker-compat-qual\2.0.0\checker-compat-qual-2.0.0.jar;C:\Users\User\.m2\repository\com\google\errorprone\error_prone_annotations\2.1.3\error_prone_annotations-2.1.3.jar;C:\Users\User\.m2\repository\com\google\j2objc\j2objc-annotations\1.1\j2objc-annotations-1.1.jar;C:\Users\User\.m2\repository\org\codehaus\mojo\animal-sniffer-annotations\1.14\animal-sniffer-annotations-1.14.jar;C:\Users\User\.m2\repository\com\squareup\okhttp3\okhttp\3.11.0\okhttp-3.11.0.jar;C:\Users\User\.m2\repository\com\squareup\okio\okio\1.14.0\okio-1.14.0.jar;C:\Users\User\.m2\repository\net\sf\json-lib\json-lib\2.2\json-lib-2.2-jdk15.jar;C:\Users\User\.m2\repository\commons-beanutils\commons-beanutils\1.7.0\commons-beanutils-1.7.0.jar;C:\Users\User\.m2\repository\commons-collections\commons-collections\3.2\commons-collections-3.2.jar;C:\Users\User\.m2\repository\commons-lang\commons-lang\2.3\commons-lang-2.3.jar;C:\Users\User\.m2\repository\commons-logging\commons-logging\1.1\commons-logging-1.1.jar;C:\Users\User\.m2\repository\net\sf\ezmorph\ezmorph\1.0.4\ezmorph-1.0.4.jar;C:\Users\User\.m2\repository\com\pojosontheweb\monte-repack\1.0\monte-repack-1.0.jar;C:\Users\User\.m2\repository\javax\media\jai\com.springsource.javax.media.jai.core\1.1.3\com.springsource.javax.media.jai.core-1.1.3.jar;C:\Users\User\.m2\repository\javax\media\jai\com.springsource.javax.media.jai.codec\1.1.3\com.springsource.javax.media.jai.codec-1.1.3.jar;C:\Users\User\.m2\repository\javax\media\jmf\2.1.1e\jmf-2.1.1e.jar;C:\Users\User\.m2\repository\org\testng\testng\6.8.8\testng-6.8.8.jar;C:\Users\User\.m2\repository\org\beanshell\bsh\2.0b4\bsh-2.0b4.jar;C:\Users\User\.m2\repository\com\beust\jcommander\1.27\jcommander-1.27.jar;C:\Users\User\.m2\repository\org\jsoup\jsoup\1.7.2\jsoup-1.7.2.jar;C:\Users\User\.m2\repository\javax\mail\mail\1.4\mail-1.4.jar;C:\Users\User\.m2\repository\javax\activation\activation\1.1\activation-1.1.jar;C:\Users\User\.m2\repository\com\sun\jersey\jersey-client\1.8\jersey-client-1.8.jar;C:\Users\User\.m2\repository\com\sun\jersey\jersey-core\1.8\jersey-core-1.8.jar;C:\Users\User\.m2\repository\net\lingala\zip4j\zip4j\1.3.2\zip4j-1.3.2.jar;C:\Users\User\.m2\repository\io\appium\java-client\5.0.4\java-client-5.0.4.jar;C:\Users\User\.m2\repository\com\google\code\gson\gson\2.8.2\gson-2.8.2.jar;C:\Users\User\.m2\repository\org\apache\httpcomponents\httpclient\4.5.3\httpclient-4.5.3.jar;C:\Users\User\.m2\repository\org\apache\httpcomponents\httpcore\4.4.6\httpcore-4.4.6.jar;C:\Users\User\.m2\repository\cglib\cglib\3.2.5\cglib-3.2.5.jar;C:\Users\User\.m2\repository\org\ow2\asm\asm\5.2\asm-5.2.jar;C:\Users\User\.m2\repository\org\apache\ant\ant\1.9.6\ant-1.9.6.jar;C:\Users\User\.m2\repository\org\apache\ant\ant-launcher\1.9.6\ant-launcher-1.9.6.jar;C:\Users\User\.m2\repository\commons-validator\commons-validator\1.6\commons-validator-1.6.jar;C:\Users\User\.m2\repository\commons-digester\commons-digester\1.8.1\commons-digester-1.8.1.jar;C:\Users\User\.m2\repository\org\apache\commons\commons-lang3\3.6\commons-lang3-3.6.jar;C:\Users\User\.m2\repository\org\springframework\spring-context\5.0.0.RELEASE\spring-context-5.0.0.RELEASE.jar;C:\Users\User\.m2\repository\org\springframework\spring-aop\5.0.0.RELEASE\spring-aop-5.0.0.RELEASE.jar;C:\Users\User\.m2\repository\org\springframework\spring-beans\5.0.0.RELEASE\spring-beans-5.0.0.RELEASE.jar;C:\Users\User\.m2\repository\org\springframework\spring-core\5.0.0.RELEASE\spring-core-5.0.0.RELEASE.jar;C:\Users\User\.m2\repository\org\springframework\spring-jcl\5.0.0.RELEASE\spring-jcl-5.0.0.RELEASE.jar;C:\Users\User\.m2\repository\org\springframework\spring-expression\5.0.0.RELEASE\spring-expression-5.0.0.RELEASE.jar;C:\Users\User\.m2\repository\org\aspectj\aspectjweaver\1.8.11\aspectjweaver-1.8.11.jar;C:\Users\User\.m2\repository\org\openpnp\opencv\3.2.0-1\opencv-3.2.0-1.jar;C:\Users\User\.m2\repository\com\opencsv\opencsv\3.9\opencsv-3.9.jar;C:\Users\User\.m2\repository\org\apache\poi\poi-ooxml\3.14\poi-ooxml-3.14.jar;C:\Users\User\.m2\repository\org\apache\poi\poi\3.14\poi-3.14.jar;C:\Users\User\.m2\repository\org\apache\poi\poi-ooxml-schemas\3.14\poi-ooxml-schemas-3.14.jar;C:\Users\User\.m2\repository\org\apache\xmlbeans\xmlbeans\2.6.0\xmlbeans-2.6.0.jar;C:\Users\User\.m2\repository\stax\stax-api\1.0.1\stax-api-1.0.1.jar;C:\Users\User\.m2\repository\com\github\virtuald\curvesapi\1.03\curvesapi-1.03.jar;C:\Users\User\.m2\repository\org\apache\pdfbox\pdfbox\2.0.6\pdfbox-2.0.6.jar;C:\Users\User\.m2\repository\org\apache\pdfbox\fontbox\2.0.6\fontbox-2.0.6.jar;C:\Users\User\.m2\repository\org\slf4j\slf4j-api\1.7.5\slf4j-api-1.7.5.jar;C:\Users\User\.m2\repository\ch\qos\logback\logback-classic\1.1.2\logback-classic-1.1.2.jar;C:\Users\User\.m2\repository\ch\qos\logback\logback-core\1.1.2\logback-core-1.1.2.jar;C:\Users\User\.m2\repository\commons-codec\commons-codec\1.11\commons-codec-1.11.jar;C:\Users\User\.m2\repository\commons-io\commons-io\2.6\commons-io-2.6.jar;C:\Users\User\.m2\repository\com\google\inject\guice\3.0\guice-3.0.jar;C:\Users\User\.m2\repository\javax\inject\javax.inject\1\javax.inject-1.jar;C:\Users\User\.m2\repository\aopalliance\aopalliance\1.0\aopalliance-1.0.jar;C:\Users\User\.m2\repository\io\cucumber\gherkin\5.1.0\gherkin-5.1.0.jar;C:\Users\User\.m2\repository\io\cucumber\gherkin-jvm-deps\1.0.4\gherkin-jvm-deps-1.0.4.jar;C:\Users\User\.m2\repository\io\cucumber\cucumber-core\4.4.0\cucumber-core-4.4.0.jar;C:\Users\User\.m2\repository\io\cucumber\tag-expressions\1.1.1\tag-expressions-1.1.1.jar;C:\Users\User\.m2\repository\io\cucumber\cucumber-expressions\7.0.2\cucumber-expressions-7.0.2.jar;C:\Users\User\.m2\repository\io\cucumber\datatable\1.1.14\datatable-1.1.14.jar;C:\Users\User\.m2\repository\io\cucumber\datatable-dependencies\1.1.14\datatable-dependencies-1.1.14.jar;C:\Users\User\.m2\repository\io\cucumber\cucumber-java\4.4.0\cucumber-java-4.4.0.jar;C:\Users\User\.m2\repository\io\cucumber\cucumber-testng\4.4.0\cucumber-testng-4.4.0.jar;C:\Users\User\.m2\repository\io\cucumber\cucumber-junit\4.4.0\cucumber-junit-4.4.0.jar;C:\Users\User\.m2\repository\io\cucumber\cucumber-guice\4.4.0\cucumber-guice-4.4.0.jar;C:\Users\User\.m2\repository\org\apache\maven\plugin-tools\maven-plugin-annotations\3.2\maven-plugin-annotations-3.2.jar;C:\Users\User\.m2\repository\org\apache\maven\maven-artifact\3.0\maven-artifact-3.0.jar;C:\Users\User\.m2\repository\org\codehaus\plexus\plexus-utils\2.0.4\plexus-utils-2.0.4.jar;C:\Users\User\.m2\repository\com\jayway\restassured\rest-assured\2.9.0\rest-assured-2.9.0.jar;C:\Users\User\.m2\repository\org\codehaus\groovy\groovy\2.4.4\groovy-2.4.4.jar;C:\Users\User\.m2\repository\org\codehaus\groovy\groovy-xml\2.4.4\groovy-xml-2.4.4.jar;C:\Users\User\.m2\repository\org\apache\httpcomponents\httpmime\4.5.1\httpmime-4.5.1.jar;C:\Users\User\.m2\repository\org\hamcrest\hamcrest-core\1.3\hamcrest-core-1.3.jar;C:\Users\User\.m2\repository\org\hamcrest\hamcrest-library\1.3\hamcrest-library-1.3.jar;C:\Users\User\.m2\repository\org\ccil\cowan\tagsoup\tagsoup\1.2.1\tagsoup-1.2.1.jar;C:\Users\User\.m2\repository\com\jayway\restassured\json-path\2.9.0\json-path-2.9.0.jar;C:\Users\User\.m2\repository\org\codehaus\groovy\groovy-json\2.4.4\groovy-json-2.4.4.jar;C:\Users\User\.m2\repository\com\jayway\restassured\rest-assured-common\2.9.0\rest-assured-common-2.9.0.jar;C:\Users\User\.m2\repository\com\jayway\restassured\xml-path\2.9.0\xml-path-2.9.0.jar;C:\Users\User\.m2\repository\com\jayway\restassured\json-schema-validator\2.9.0\json-schema-validator-2.9.0.jar;C:\Users\User\.m2\repository\com\github\fge\json-schema-validator\2.2.6\json-schema-validator-2.2.6.jar;C:\Users\User\.m2\repository\joda-time\joda-time\2.3\joda-time-2.3.jar;C:\Users\User\.m2\repository\com\googlecode\libphonenumber\libphonenumber\6.2\libphonenumber-6.2.jar;C:\Users\User\.m2\repository\com\github\fge\json-schema-core\1.2.5\json-schema-core-1.2.5.jar;C:\Users\User\.m2\repository\com\github\fge\uri-template\0.9\uri-template-0.9.jar;C:\Users\User\.m2\repository\com\github\fge\msg-simple\1.1\msg-simple-1.1.jar;C:\Users\User\.m2\repository\com\github\fge\btf\1.2\btf-1.2.jar;C:\Users\User\.m2\repository\com\github\fge\jackson-coreutils\1.8\jackson-coreutils-1.8.jar;C:\Users\User\.m2\repository\com\fasterxml\jackson\core\jackson-databind\2.2.3\jackson-databind-2.2.3.jar;C:\Users\User\.m2\repository\com\fasterxml\jackson\core\jackson-annotations\2.2.3\jackson-annotations-2.2.3.jar;C:\Users\User\.m2\repository\com\fasterxml\jackson\core\jackson-core\2.2.3\jackson-core-2.2.3.jar;C:\Users\User\.m2\repository\org\mozilla\rhino\1.7R4\rhino-1.7R4.jar;C:\Users\User\.m2\repository\javax\mail\mailapi\1.4.3\mailapi-1.4.3.jar;C:\Users\User\.m2\repository\net\sf\jopt-simple\jopt-simple\4.6\jopt-simple-4.6.jar;C:\Users\User\.m2\repository\org\seleniumhq\selenium\htmlunit-driver\2.35.1\htmlunit-driver-2.35.1.jar;C:\Users\User\.m2\repository\net\sourceforge\htmlunit\htmlunit\2.35.0\htmlunit-2.35.0.jar;C:\Users\User\.m2\repository\xalan\xalan\2.7.2\xalan-2.7.2.jar;C:\Users\User\.m2\repository\xalan\serializer\2.7.2\serializer-2.7.2.jar;C:\Users\User\.m2\repository\org\apache\commons\commons-text\1.6\commons-text-1.6.jar;C:\Users\User\.m2\repository\net\sourceforge\htmlunit\htmlunit-core-js\2.35.0\htmlunit-core-js-2.35.0.jar;C:\Users\User\.m2\repository\net\sourceforge\htmlunit\neko-htmlunit\2.35.0\neko-htmlunit-2.35.0.jar;C:\Users\User\.m2\repository\xerces\xercesImpl\2.12.0\xercesImpl-2.12.0.jar;C:\Users\User\.m2\repository\xml-apis\xml-apis\1.4.01\xml-apis-1.4.01.jar;C:\Users\User\.m2\repository\net\sourceforge\htmlunit\htmlunit-cssparser\1.4.0\htmlunit-cssparser-1.4.0.jar;C:\Users\User\.m2\repository\commons-net\commons-net\3.6\commons-net-3.6.jar;C:\Users\User\.m2\repository\org\eclipse\jetty\websocket\websocket-client\9.4.16.v20190411\websocket-client-9.4.16.v20190411.jar;C:\Users\User\.m2\repository\org\eclipse\jetty\jetty-client\9.4.16.v20190411\jetty-client-9.4.16.v20190411.jar;C:\Users\User\.m2\repository\org\eclipse\jetty\jetty-http\9.4.16.v20190411\jetty-http-9.4.16.v20190411.jar;C:\Users\User\.m2\repository\org\eclipse\jetty\jetty-xml\9.4.16.v20190411\jetty-xml-9.4.16.v20190411.jar;C:\Users\User\.m2\repository\org\eclipse\jetty\jetty-util\9.4.16.v20190411\jetty-util-9.4.16.v20190411.jar;C:\Users\User\.m2\repository\org\eclipse\jetty\jetty-io\9.4.16.v20190411\jetty-io-9.4.16.v20190411.jar;C:\Users\User\.m2\repository\org\eclipse\jetty\websocket\websocket-common\9.4.16.v20190411\websocket-common-9.4.16.v20190411.jar;C:\Users\User\.m2\repository\org\eclipse\jetty\websocket\websocket-api\9.4.16.v20190411\websocket-api-9.4.16.v20190411.jar;C:\Users\User\.m2\repository\com\github\detro\ghostdriver\phantomjsdriver\1.1.0\phantomjsdriver-1.1.0.jar;C:\Users\User\.m2\repository\org\seleniumhq\selenium\selenium-server\2.39.0\selenium-server-2.39.0.jar;C:\Users\User\.m2\repository\org\bouncycastle\bcprov-jdk15on\1.48\bcprov-jdk15on-1.48.jar;C:\Users\User\.m2\repository\org\bouncycastle\bcpkix-jdk15on\1.48\bcpkix-jdk15on-1.48.jar;C:\Users\User\.m2\repository\mx4j\mx4j-tools\3.0.1\mx4j-tools-3.0.1.jar;C:\Users\User\.m2\repository\org\mortbay\jetty\servlet-api-2.5\6.1.9\servlet-api-2.5-6.1.9.jar;C:\Users\User\.m2\repository\org\seleniumhq\selenium\jetty-repacked\7.6.1\jetty-repacked-7.6.1.jar;C:\Users\User\.m2\repository\net\jcip\jcip-annotations\1.0\jcip-annotations-1.0.jar;C:\Users\User\.m2\repository\org\yaml\snakeyaml\1.8\snakeyaml-1.8.jar;C:\Users\User\.m2\repository\org\apache\maven\surefire\surefire-testng-utils\2.22.0\surefire-testng-utils-2.22.0.jar;C:\Users\User\.m2\repository\org\apache\maven\surefire\surefire-grouper\2.22.0\surefire-grouper-2.22.0.jar;"/>
    <property name="sun.cpu.endian" value="little"/>
    <property name="user.home" value="C:\Users\User"/>
    <property name="user.language" value="en"/>
    <property name="java.specification.vendor" value="Oracle Corporation"/>
    <property name="java.home" value="C:\Program Files\Java\jdk1.8.0_251\jre"/>
    <property name="runMode" value="Cucumber-OneStepDef"/>
    <property name="basedir" value="C:\Users\User\git\AT\PegaTA"/>
    <property name="file.separator" value="\"/>
    <property name="line.separator" value="&#10;"/>
    <property name="java.vm.specification.vendor" value="Oracle Corporation"/>
    <property name="java.specification.name" value="Java Platform API Specification"/>
    <property name="java.awt.graphicsenv" value="sun.awt.Win32GraphicsEnvironment"/>
    <property name="surefire.real.class.path" value="C:\Users\User\AppData\Local\Temp\surefire2989460223871042148\surefirebooter4463284462125998792.jar"/>
    <property name="sun.boot.class.path" value="C:\Program Files\Java\jdk1.8.0_251\jre\lib\resources.jar;C:\Program Files\Java\jdk1.8.0_251\jre\lib\rt.jar;C:\Program Files\Java\jdk1.8.0_251\jre\lib\sunrsasign.jar;C:\Program Files\Java\jdk1.8.0_251\jre\lib\jsse.jar;C:\Program Files\Java\jdk1.8.0_251\jre\lib\jce.jar;C:\Program Files\Java\jdk1.8.0_251\jre\lib\charsets.jar;C:\Program Files\Java\jdk1.8.0_251\jre\lib\jfr.jar;C:\Program Files\Java\jdk1.8.0_251\jre\classes"/>
    <property name="user.script" value=""/>
    <property name="sun.management.compiler" value="HotSpot 64-Bit Tiered Compilers"/>
    <property name="java.runtime.version" value="1.8.0_251-b08"/>
    <property name="user.name" value="User"/>
    <property name="path.separator" value=";"/>
    <property name="os.version" value="10.0"/>
    <property name="java.endorsed.dirs" value="C:\Program Files\Java\jdk1.8.0_251\jre\lib\endorsed"/>
    <property name="java.runtime.name" value="Java(TM) SE Runtime Environment"/>
    <property name="file.encoding" value="UTF-8"/>
    <property name="java.vm.name" value="Java HotSpot(TM) 64-Bit Server VM"/>
    <property name="localRepository" value="C:\Users\User\.m2\repository"/>
    <property name="cucumber.options" value=" --tags 								@regression 								--plugin pretty 								--plugin 								json:target/cucumber-report.json"/>
    <property name="java.vendor.url.bug" value="http://bugreport.sun.com/bugreport/"/>
    <property name="java.io.tmpdir" value="C:\Users\User\AppData\Local\Temp\"/>
    <property name="java.version" value="1.8.0_251"/>
    <property name="user.dir" value="C:\Users\User\git\AT\PegaTA"/>
    <property name="os.arch" value="amd64"/>
    <property name="java.vm.specification.name" value="Java Virtual Machine Specification"/>
    <property name="java.awt.printerjob" value="sun.awt.windows.WPrinterJob"/>
    <property name="sun.os.patch.level" value=""/>
    <property name="java.library.path" value="C:\Program Files\Java\jdk1.8.0_251\jre\bin;C:\WINDOWS\Sun\Java\bin;C:\WINDOWS\system32;C:\WINDOWS;C:/Program Files/Java/jre1.8.0_251/bin/server;C:/Program Files/Java/jre1.8.0_251/bin;C:/Program Files/Java/jre1.8.0_251/lib/amd64;C:\Program Files (x86)\Common Files\Oracle\Java\javapath;C:\Program Files (x86)\Intel\Intel(R) Management Engine Components\iCLS\;C:\Program Files\Intel\Intel(R) Management Engine Components\iCLS\;C:\WINDOWS\system32;C:\WINDOWS;C:\WINDOWS\System32\Wbem;C:\WINDOWS\System32\WindowsPowerShell\v1.0\;C:\WINDOWS\System32\OpenSSH\;C:\Program Files (x86)\Intel\Intel(R) Management Engine Components\DAL;C:\Program Files\Intel\Intel(R) Management Engine Components\DAL;C:\Program Files\Intel\WiFi\bin\;C:\Program Files\Common Files\Intel\WirelessCommon\;C:\Program Files\Java\jdk1.8.0_251\bin;C:\apache-maven-3.6.3\bin;C:\Web drivers;C:\Users\User\AppData\Local\Microsoft\WindowsApps;;C:\Users\User\Desktop;;."/>
    <property name="java.vm.info" value="mixed mode"/>
    <property name="java.vendor" value="Oracle Corporation"/>
    <property name="java.vm.version" value="25.251-b08"/>
    <property name="java.ext.dirs" value="C:\Program Files\Java\jdk1.8.0_251\jre\lib\ext;C:\WINDOWS\Sun\Java\lib\ext"/>
    <property name="sun.io.unicode.encoding" value="UnicodeLittle"/>
    <property name="java.class.version" value="52.0"/>
  </properties>
  <testcase name="runScenario" classname="RunCucumberTest" time="203.087">
    <failure message="no such element: Unable to locate element: {&quot;method&quot;:&quot;xpath&quot;,&quot;selector&quot;:&quot;//a[contains(.,&apos;Back&apos;)]&quot;}&#10;  (Session info: chrome=83.0.4103.97)&#10;For documentation on this error, please visit: https://www.seleniumhq.org/exceptions/no_such_element.html&#10;Build info: version: &apos;3.141.59&apos;, revision: &apos;e82be7d358&apos;, time: &apos;2018-11-14T08:17:03&apos;&#10;System info: host: &apos;LAPTOP-KJ412AR3&apos;, ip: &apos;192.168.225.186&apos;, os.name: &apos;Windows 10&apos;, os.arch: &apos;amd64&apos;, os.version: &apos;10.0&apos;, java.version: &apos;1.8.0_251&apos;&#10;Driver info: org.openqa.selenium.chrome.ChromeDriver&#10;Capabilities {acceptInsecureCerts: false, browserName: chrome, browserVersion: 83.0.4103.97, chrome: {chromedriverVersion: 83.0.4103.39 (ccbf011cb2d2b..., userDataDir: C:\Users\User\AppData\Local...}, goog:chromeOptions: {debuggerAddress: localhost:55730}, javascriptEnabled: true, networkConnectionEnabled: false, pageLoadStrategy: normal, platform: WINDOWS, platformName: WINDOWS, proxy: Proxy(), setWindowRect: true, strictFileInteractability: false, timeouts: {implicit: 0, pageLoad: 300000, script: 30000}, unhandledPromptBehavior: dismiss and notify, webauthn:virtualAuthenticators: true}&#10;Session ID: df13b5e4aae320931e52e36db5daf131&#10;*** Element info: {Using=xpath, value=//a[contains(.,&apos;Back&apos;)]}&#10;Build info: version: &apos;3.141.59&apos;, revision: &apos;e82be7d358&apos;, time: &apos;2018-11-14T08:17:03&apos;&#10;System info: host: &apos;LAPTOP-KJ412AR3&apos;, ip: &apos;192.168.225.186&apos;, os.name: &apos;Windows 10&apos;, os.arch: &apos;amd64&apos;, os.version: &apos;10.0&apos;, java.version: &apos;1.8.0_251&apos;&#10;Driver info: driver.version: unknown" type="com.pega.exceptions.PegaElementNotFoundException">com.pega.exceptions.PegaElementNotFoundException: 
no such element: Unable to locate element: {"method":"xpath","selector":"//a[contains(.,'Back')]"}
  (Session info: chrome=83.0.4103.97)
For documentation on this error, please visit: https://www.seleniumhq.org/exceptions/no_such_element.html
Build info: version: '3.141.59', revision: 'e82be7d358', time: '2018-11-14T08:17:03'
System info: host: 'LAPTOP-KJ412AR3', ip: '192.168.225.186', os.name: 'Windows 10', os.arch: 'amd64', os.version: '10.0', java.version: '1.8.0_251'
Driver info: org.openqa.selenium.chrome.ChromeDriver
Capabilities {acceptInsecureCerts: false, browserName: chrome, browserVersion: 83.0.4103.97, chrome: {chromedriverVersion: 83.0.4103.39 (ccbf011cb2d2b..., userDataDir: C:\Users\User\AppData\Local...}, goog:chromeOptions: {debuggerAddress: localhost:55730}, javascriptEnabled: true, networkConnectionEnabled: false, pageLoadStrategy: normal, platform: WINDOWS, platformName: WINDOWS, proxy: Proxy(), setWindowRect: true, strictFileInteractability: false, timeouts: {implicit: 0, pageLoad: 300000, script: 30000}, unhandledPromptBehavior: dismiss and notify, webauthn:virtualAuthenticators: true}
Session ID: df13b5e4aae320931e52e36db5daf131
*** Element info: {Using=xpath, value=//a[contains(.,'Back')]}
Build info: version: '3.141.59', revision: 'e82be7d358', time: '2018-11-14T08:17:03'
System info: host: 'LAPTOP-KJ412AR3', ip: '192.168.225.186', os.name: 'Windows 10', os.arch: 'amd64', os.version: '10.0', java.version: '1.8.0_251'
Driver info: driver.version: unknown
</failure>
    <system-out><![CDATA[22:00:00.058 [PoolService-0] INFO  com.pega.config.SUTConfig - Setting is.pipeline.run property to false
22:00:00.122 [PoolService-0] INFO  com.pega.config.SUTConfig - Debug mode is: true
22:00:00.123 [PoolService-0] INFO  com.pega.TestEnvironmentImpl - Logger level is set to : INFO
22:00:06.297 [PoolService-0] INFO  com.pega.config.util.GetChromeDriver - Chrome Version: 83	ChromeDriver version needed:83.0.4103.39
22:00:06.298 [PoolService-0] INFO  com.pega.config.util.GetChromeDriver - Required chromedriver version is already available. Not attempting to download any new version
22:00:17.139 [PoolService-0] INFO  com.pega.drivers.PegaChromeDriver - Chrome Driver launched successfully
22:00:17.811 [PoolService-0] INFO  com.pega.TestEnvironmentImpl - Driver is initialised::ChromeDriver: chrome on WINDOWS (df13b5e4aae320931e52e36db5daf131)
22:00:17.845 [PoolService-0] INFO  com.pega.Browser - Opening the URL
22:00:20.265 [PoolService-0] INFO  com.pega.Browser - Opening the URL
22:00:20.902 [PoolService-0] INFO  com.pega.Browser - Logging in the user
22:00:20.904 [PoolService-0] INFO  com.pega.framework.PegaWebDriver - element identification by logic:By.id: txtUserID
22:00:21.724 [PoolService-0] INFO  com.pega.framework.PegaWebDriver - element identification by logic:By.id: txtPassword
22:00:22.551 [PoolService-0] INFO  com.pega.framework.PegaWebDriver - element identification by logic:By.name: pyActivity=Code-Security.Login
22:00:34.388 [PoolService-0] INFO  com.pega.framework.PegaWebDriver - element identification by logic:By.xpath: //span[@class='menu-item-title'][contains(.,'New project')]
22:00:35.898 [PoolService-0] INFO  com.pega.sync.WaitForDocStateReady - Document currently active, waiting entire document to load

22:00:37.148 [PoolService-0] INFO  com.pega.sync.Throbber - Throbbing never started
22:00:37.186 [PoolService-0] INFO  com.pega.framework.PegaWebDriver - element identification by logic:By.xpath: /html[1]/body[1]/div[3]/main[1]/div[1]/div[1]/form[1]/div[3]/div[1]/section[1]/div[1]/span[1]/div[1]/div[1]/div[1]/div[1]/div[1]/div[1]/div[1]/div[1]/div[1]/div[1]/div[1]/div[1]/div[1]/div[1]/div[1]/span[1]
22:00:37.496 [PoolService-0] INFO  com.pega.sync.WaitForDocStateReady - Document currently active, waiting entire document to load
.
22:00:38.690 [PoolService-0] INFO  com.pega.sync.Throbber - Throbbing never started
22:00:38.727 [PoolService-0] INFO  com.pega.framework.PegaWebDriver - element identification by logic:By.xpath: //button[@title='Create this item']
22:00:38.953 [PoolService-0] INFO  com.pega.sync.WaitForDocStateReady - Document currently active, waiting entire document to load
.22:00:40.660 [PoolService-0] ERROR com.pega.framework.WaitHandler - Error while waiting for throbber in verifyAndWaitIfThrobberPresent():stale element reference: element is not attached to the page document
  (Session info: chrome=83.0.4103.97)
For documentation on this error, please visit: https://www.seleniumhq.org/exceptions/stale_element_reference.html
Build info: version: '3.141.59', revision: 'e82be7d358', time: '2018-11-14T08:17:03'
System info: host: 'LAPTOP-KJ412AR3', ip: '192.168.225.186', os.name: 'Windows 10', os.arch: 'amd64', os.version: '10.0', java.version: '1.8.0_251'
Driver info: org.openqa.selenium.chrome.ChromeDriver
Capabilities {acceptInsecureCerts: false, browserName: chrome, browserVersion: 83.0.4103.97, chrome: {chromedriverVersion: 83.0.4103.39 (ccbf011cb2d2b..., userDataDir: C:\Users\User\AppData\Local...}, goog:chromeOptions: {debuggerAddress: localhost:55730}, javascriptEnabled: true, networkConnectionEnabled: false, pageLoadStrategy: normal, platform: WINDOWS, platformName: WINDOWS, proxy: Proxy(), setWindowRect: true, strictFileInteractability: false, timeouts: {implicit: 0, pageLoad: 300000, script: 30000}, unhandledPromptBehavior: dismiss and notify, webauthn:virtualAuthenticators: true}
Session ID: df13b5e4aae320931e52e36db5daf131
..
22:00:41.957 [PoolService-0] INFO  com.pega.sync.Throbber - Throbbing never started
22:00:42.062 [PoolService-0] INFO  com.pega.framework.PegaWebDriver - element identification by logic:By.xpath: //input[contains(@name,'pShortTitle')]
22:00:42.538 [PoolService-0] INFO  com.pega.framework.PegaWebDriver - element identification by logic:By.xpath: //input[contains(@name,'pFunder')]
22:00:50.559 [PoolService-0] INFO  com.pega.framework.PegaWebElement - By.id: ISnsSelect
22:00:50.596 [PoolService-0] INFO  com.pega.framework.PegaWebElement - By.xpath: //span[@class='match-highlight'][text()='Sahul.User']
22:00:50.994 [PoolService-0] INFO  com.pega.sync.WaitForDocStateReady - Document currently active, waiting entire document to load
.....22:00:51.640 [PoolService-0] ERROR com.pega.framework.WaitHandler - Error while waiting for throbber in verifyAndWaitIfThrobberPresent():no such element: Unable to locate element: {"method":"xpath","selector":"//*[@class='throbber']"}
  (Session info: chrome=83.0.4103.97)
For documentation on this error, please visit: https://www.seleniumhq.org/exceptions/no_such_element.html
Build info: version: '3.141.59', revision: 'e82be7d358', time: '2018-11-14T08:17:03'
System info: host: 'LAPTOP-KJ412AR3', ip: '192.168.225.186', os.name: 'Windows 10', os.arch: 'amd64', os.version: '10.0', java.version: '1.8.0_251'
Driver info: org.openqa.selenium.chrome.ChromeDriver
Capabilities {acceptInsecureCerts: false, browserName: chrome, browserVersion: 83.0.4103.97, chrome: {chromedriverVersion: 83.0.4103.39 (ccbf011cb2d2b..., userDataDir: C:\Users\User\AppData\Local...}, goog:chromeOptions: {debuggerAddress: localhost:55730}, javascriptEnabled: true, networkConnectionEnabled: false, pageLoadStrategy: normal, platform: WINDOWS, platformName: WINDOWS, proxy: Proxy(), setWindowRect: true, strictFileInteractability: false, timeouts: {implicit: 0, pageLoad: 300000, script: 30000}, unhandledPromptBehavior: dismiss and notify, webauthn:virtualAuthenticators: true}
Session ID: df13b5e4aae320931e52e36db5daf131
*** Element info: {Using=xpath, value=//*[@class='throbber']}
..
22:00:59.557 [PoolService-0] INFO  com.pega.framework.PegaWebElement - By.id: ISnsSelect
22:00:59.605 [PoolService-0] INFO  com.pega.framework.PegaWebElement - By.xpath: //span[@class='match-highlight'][text()='GSK']
22:00:59.992 [PoolService-0] INFO  com.pega.sync.WaitForDocStateReady - Document currently active, waiting entire document to load
....
22:01:00.435 [PoolService-0] INFO  com.pega.framework.PegaWebDriver - element identification by logic:By.xpath: //input[contains(@name,'pEudraCTID')]
22:01:01.040 [PoolService-0] INFO  com.pega.framework.PegaWebDriver - element identification by logic:By.xpath: //label[@for='49648c4bYes'][contains(.,'Yes')]
22:01:01.341 [PoolService-0] INFO  com.pega.sync.WaitForDocStateReady - Document currently active, waiting entire document to load

22:01:02.570 [PoolService-0] INFO  com.pega.sync.Throbber - Throbbing never started
22:01:02.631 [PoolService-0] INFO  com.pega.framework.PegaWebDriver - element identification by logic:By.xpath: //label[@for='026cf773No'][contains(.,'No')]
22:01:02.942 [PoolService-0] INFO  com.pega.sync.WaitForDocStateReady - Document currently active, waiting entire document to load

22:01:04.185 [PoolService-0] INFO  com.pega.sync.Throbber - Throbbing never started
22:01:04.243 [PoolService-0] INFO  com.pega.framework.PegaWebDriver - element identification by logic:By.xpath: //label[@for='fa53f7dfNo'][contains(.,'No')]
22:01:04.584 [PoolService-0] INFO  com.pega.sync.WaitForDocStateReady - Document currently active, waiting entire document to load

22:01:05.845 [PoolService-0] INFO  com.pega.sync.Throbber - Throbbing never started
22:01:05.903 [PoolService-0] INFO  com.pega.framework.PegaWebDriver - element identification by logic:By.xpath: //label[@for='577285b2No'][contains(.,'No')]
22:01:06.215 [PoolService-0] INFO  com.pega.sync.WaitForDocStateReady - Document currently active, waiting entire document to load

22:01:07.428 [PoolService-0] INFO  com.pega.sync.Throbber - Throbbing never started
22:01:07.493 [PoolService-0] INFO  com.pega.framework.PegaWebDriver - element identification by logic:By.xpath: //label[@for='b7181259No'][contains(.,'No')]
22:01:07.780 [PoolService-0] INFO  com.pega.sync.WaitForDocStateReady - Document currently active, waiting entire document to load

22:01:09.028 [PoolService-0] INFO  com.pega.sync.Throbber - Throbbing never started
22:01:09.126 [PoolService-0] INFO  com.pega.framework.PegaWebDriver - element identification by logic:By.xpath: //label[@for='5a720e98No'][contains(.,'No')]
22:01:09.411 [PoolService-0] INFO  com.pega.sync.WaitForDocStateReady - Document currently active, waiting entire document to load
.
22:01:10.712 [PoolService-0] INFO  com.pega.sync.Throbber - Throbbing never started
22:01:10.762 [PoolService-0] INFO  com.pega.framework.PegaWebDriver - element identification by logic:By.xpath: //label[@for='7828ec26No'][contains(.,'No')]
22:01:11.011 [PoolService-0] INFO  com.pega.sync.WaitForDocStateReady - Document currently active, waiting entire document to load
.
22:01:12.316 [PoolService-0] INFO  com.pega.sync.Throbber - Throbbing never started
22:01:12.393 [PoolService-0] INFO  com.pega.framework.PegaWebDriver - element identification by logic:By.xpath: //button[contains(@title,'Complete this assignment')]
22:01:14.509 [PoolService-0] INFO  com.pega.sync.WaitForDocStateReady - Document currently active, waiting entire document to load
......22:01:15.220 [PoolService-0] ERROR com.pega.framework.WaitHandler - Error while waiting for throbber in verifyAndWaitIfThrobberPresent():stale element reference: element is not attached to the page document
  (Session info: chrome=83.0.4103.97)
For documentation on this error, please visit: https://www.seleniumhq.org/exceptions/stale_element_reference.html
Build info: version: '3.141.59', revision: 'e82be7d358', time: '2018-11-14T08:17:03'
System info: host: 'LAPTOP-KJ412AR3', ip: '192.168.225.186', os.name: 'Windows 10', os.arch: 'amd64', os.version: '10.0', java.version: '1.8.0_251'
Driver info: org.openqa.selenium.chrome.ChromeDriver
Capabilities {acceptInsecureCerts: false, browserName: chrome, browserVersion: 83.0.4103.97, chrome: {chromedriverVersion: 83.0.4103.39 (ccbf011cb2d2b..., userDataDir: C:\Users\User\AppData\Local...}, goog:chromeOptions: {debuggerAddress: localhost:55730}, javascriptEnabled: true, networkConnectionEnabled: false, pageLoadStrategy: normal, platform: WINDOWS, platformName: WINDOWS, proxy: Proxy(), setWindowRect: true, strictFileInteractability: false, timeouts: {implicit: 0, pageLoad: 300000, script: 30000}, unhandledPromptBehavior: dismiss and notify, webauthn:virtualAuthenticators: true}
Session ID: df13b5e4aae320931e52e36db5daf131
.
22:01:16.483 [PoolService-0] INFO  com.pega.sync.Throbber - Throbbing never started
22:01:16.546 [PoolService-0] INFO  com.pega.framework.PegaWebDriver - element identification by logic:By.xpath: //a[contains(@name, 'StudyInformation')]
22:01:16.822 [PoolService-0] INFO  com.pega.sync.WaitForDocStateReady - Document currently active, waiting entire document to load
......
22:01:18.717 [PoolService-0] INFO  com.pega.sync.Throbber - Throbbing never started
22:01:19.767 [PoolService-0] INFO  com.pega.framework.PegaWebDriver - element identification by logic:By.xpath: //input[contains(@name,'InEngland') and @type='checkbox']
22:01:20.114 [PoolService-0] INFO  com.pega.sync.WaitForDocStateReady - Document currently active, waiting entire document to load

22:01:21.331 [PoolService-0] INFO  com.pega.sync.Throbber - Throbbing never started
22:01:21.404 [PoolService-0] INFO  com.pega.framework.PegaWebDriver - element identification by logic:By.xpath: //input[contains(@name,'InScotland') and @type='checkbox']
22:01:21.677 [PoolService-0] INFO  com.pega.sync.WaitForDocStateReady - Document currently active, waiting entire document to load

22:01:22.880 [PoolService-0] INFO  com.pega.sync.Throbber - Throbbing never started
22:01:23.009 [PoolService-0] INFO  com.pega.framework.PegaWebDriver - element identification by logic:By.xpath: //label[@for='fc105c6bSingle Centre'][contains(.,'Single Centre')]
22:01:23.348 [PoolService-0] INFO  com.pega.sync.WaitForDocStateReady - Document currently active, waiting entire document to load

22:01:24.572 [PoolService-0] INFO  com.pega.sync.Throbber - Throbbing never started
22:01:24.628 [PoolService-0] INFO  com.pega.framework.PegaWebDriver - element identification by logic:By.xpath: //input[contains(@name,'ResearchTakesPlace')]
22:01:25.399 [PoolService-0] INFO  com.pega.framework.PegaWebDriver - element identification by logic:By.xpath: //label[@for='df29f4caYes'][contains(.,'Yes')]
22:01:25.700 [PoolService-0] INFO  com.pega.sync.WaitForDocStateReady - Document currently active, waiting entire document to load
.
22:01:26.994 [PoolService-0] INFO  com.pega.sync.Throbber - Throbbing never started
22:01:27.063 [PoolService-0] INFO  com.pega.framework.PegaWebDriver - element identification by logic:By.xpath: //select[contains(@name,'SponsorStatus')]
22:01:28.483 [PoolService-0] INFO  com.pega.sync.Throbber - Throbbing never started
22:01:28.567 [PoolService-0] INFO  com.pega.framework.PegaWebDriver - element identification by logic:By.xpath: //select[@id='ec03b462']
22:01:29.019 [PoolService-0] INFO  com.pega.framework.PegaWebDriver - element identification by logic:By.xpath: //input[@id='313eb85e']
22:01:29.722 [PoolService-0] INFO  com.pega.framework.PegaWebDriver - element identification by logic:By.xpath: //input[@id='8186c7a9']
22:01:30.001 [PoolService-0] INFO  com.pega.framework.PegaWebDriver - element identification by logic:By.xpath: //input[@id='de238101']
22:01:30.421 [PoolService-0] INFO  com.pega.framework.PegaWebDriver - element identification by logic:By.xpath: //input[contains(@name,'Department')]
22:01:31.218 [PoolService-0] INFO  com.pega.framework.PegaWebDriver - element identification by logic:By.xpath: //input[@id='28a9540d']
22:01:31.541 [PoolService-0] INFO  com.pega.framework.PegaWebDriver - element identification by logic:By.xpath: //input[@id='c44f5885']
22:01:32.042 [PoolService-0] INFO  com.pega.framework.PegaWebDriver - element identification by logic:By.xpath: //input[@id='d0f0dce5']
22:01:32.510 [PoolService-0] INFO  com.pega.framework.PegaWebDriver - element identification by logic:By.xpath: //input[@id='8187046d']
22:01:32.831 [PoolService-0] INFO  com.pega.framework.PegaWebDriver - element identification by logic:By.xpath: //input[@id='540b266a']
22:01:33.194 [PoolService-0] INFO  com.pega.framework.PegaWebDriver - element identification by logic:By.xpath: //input[@id='16bb35e8']
22:01:33.807 [PoolService-0] INFO  com.pega.framework.PegaWebDriver - element identification by logic:By.xpath: //input[@id='432e4522']
22:01:34.123 [PoolService-0] INFO  com.pega.framework.PegaWebDriver - element identification by logic:By.xpath: //input[@id='6ce2c573']
22:01:34.533 [PoolService-0] INFO  com.pega.framework.PegaWebDriver - element identification by logic:By.xpath: //input[contains(@name,'OrchidID')]
22:01:34.923 [PoolService-0] INFO  com.pega.framework.PegaWebDriver - element identification by logic:By.xpath: //label[@for='0693de8bWales'][contains(.,'Wales')]
22:01:35.177 [PoolService-0] INFO  com.pega.sync.WaitForDocStateReady - Document currently active, waiting entire document to load

22:01:36.414 [PoolService-0] INFO  com.pega.sync.Throbber - Throbbing never started
22:01:36.500 [PoolService-0] INFO  com.pega.framework.PegaWebDriver - element identification by logic:By.xpath: //label[@for='2bc885eaNo'][contains(.,'No')]
22:01:36.856 [PoolService-0] INFO  com.pega.sync.WaitForDocStateReady - Document currently active, waiting entire document to load
.
22:01:38.206 [PoolService-0] INFO  com.pega.sync.Throbber - Throbbing never started
22:01:38.281 [PoolService-0] INFO  com.pega.framework.PegaWebDriver - element identification by logic:By.xpath: //label[@for='930341c1Yes'][contains(.,'Yes')]
22:01:38.514 [PoolService-0] INFO  com.pega.sync.WaitForDocStateReady - Document currently active, waiting entire document to load

22:01:39.769 [PoolService-0] INFO  com.pega.sync.Throbber - Throbbing never started
22:01:39.853 [PoolService-0] INFO  com.pega.framework.PegaWebDriver - element identification by logic:By.xpath: //label[@for='c4d708e1No'][contains(.,'No')]
22:01:40.148 [PoolService-0] INFO  com.pega.sync.WaitForDocStateReady - Document currently active, waiting entire document to load
.
22:01:41.449 [PoolService-0] INFO  com.pega.sync.Throbber - Throbbing never started
22:01:41.508 [PoolService-0] INFO  com.pega.framework.PegaWebDriver - element identification by logic:By.xpath: //label[@for='ac7ad0d3Yes'][contains(.,'Yes')]
22:01:41.823 [PoolService-0] INFO  com.pega.sync.WaitForDocStateReady - Document currently active, waiting entire document to load

22:01:43.081 [PoolService-0] INFO  com.pega.sync.Throbber - Throbbing never started
22:01:43.159 [PoolService-0] INFO  com.pega.framework.PegaWebDriver - element identification by logic:By.xpath: //label[@for='51dda2e6No'][contains(.,'No')]
22:01:43.437 [PoolService-0] INFO  com.pega.sync.WaitForDocStateReady - Document currently active, waiting entire document to load
.
22:01:44.725 [PoolService-0] INFO  com.pega.sync.Throbber - Throbbing never started
22:01:44.820 [PoolService-0] INFO  com.pega.framework.PegaWebDriver - element identification by logic:By.xpath: //label[@for='fef55ca6No'][contains(.,'No')]
22:01:45.253 [PoolService-0] INFO  com.pega.sync.WaitForDocStateReady - Document currently active, waiting entire document to load

22:01:46.473 [PoolService-0] INFO  com.pega.sync.Throbber - Throbbing never started
22:01:46.516 [PoolService-0] INFO  com.pega.framework.PegaWebDriver - element identification by logic:By.xpath: //label[@for='8627fe56No'][contains(.,'No')]
22:01:46.767 [PoolService-0] INFO  com.pega.sync.WaitForDocStateReady - Document currently active, waiting entire document to load
.
22:01:48.050 [PoolService-0] INFO  com.pega.sync.Throbber - Throbbing never started
22:01:48.103 [PoolService-0] INFO  com.pega.framework.PegaWebDriver - element identification by logic:By.xpath: //input[contains(@name,'ActivelyInvolvedResearchDesign') and @value='true']
22:01:48.345 [PoolService-0] INFO  com.pega.sync.WaitForDocStateReady - Document currently active, waiting entire document to load

22:01:49.603 [PoolService-0] INFO  com.pega.sync.Throbber - Throbbing never started
22:01:49.660 [PoolService-0] INFO  com.pega.framework.PegaWebDriver - element identification by logic:By.xpath: //textarea[contains(@name,'ActiveInvolvementDetails')]
22:01:50.084 [PoolService-0] INFO  com.pega.framework.PegaWebDriver - element identification by logic:By.xpath: //input[@id='09a8bd05']
22:01:50.505 [PoolService-0] INFO  com.pega.sync.WaitForDocStateReady - Document currently active, waiting entire document to load

22:01:51.704 [PoolService-0] INFO  com.pega.sync.Throbber - Throbbing never started
22:01:51.759 [PoolService-0] INFO  com.pega.framework.PegaWebDriver - element identification by logic:By.xpath: //input[@id='29da07d3']
22:01:52.211 [PoolService-0] INFO  com.pega.framework.PegaWebDriver - element identification by logic:By.xpath: //input[@id='ac51db74']
22:01:52.609 [PoolService-0] INFO  com.pega.framework.PegaWebDriver - element identification by logic:By.xpath: //input[@id='0bd0d1fe']
22:01:53.193 [PoolService-0] INFO  com.pega.framework.PegaWebDriver - element identification by logic:By.xpath: //input[@id='4c3859d3']
22:01:53.638 [PoolService-0] INFO  com.pega.framework.PegaWebDriver - element identification by logic:By.xpath: //input[@id='28a9540d']
22:01:54.105 [PoolService-0] INFO  com.pega.framework.PegaWebDriver - element identification by logic:By.xpath: //input[@id='6cc3cb4f']
22:01:54.425 [PoolService-0] INFO  com.pega.framework.PegaWebDriver - element identification by logic:By.xpath: //input[@id='9a54e818']
22:01:54.882 [PoolService-0] INFO  com.pega.framework.PegaWebDriver - element identification by logic:By.xpath: //input[@id='560a70a2']
22:01:55.279 [PoolService-0] INFO  com.pega.framework.PegaWebDriver - element identification by logic:By.xpath: //input[@id='5f07743f']
22:01:55.686 [PoolService-0] INFO  com.pega.framework.PegaWebDriver - element identification by logic:By.xpath: //input[@id='d5fd1f7d']
22:01:56.276 [PoolService-0] INFO  com.pega.framework.PegaWebDriver - element identification by logic:By.xpath: //input[@id='5824ec0b']
22:01:56.627 [PoolService-0] INFO  com.pega.framework.PegaWebDriver - element identification by logic:By.xpath: //input[@id='87ae5ade']
22:01:57.115 [PoolService-0] INFO  com.pega.framework.PegaWebDriver - element identification by logic:By.xpath: //textarea[contains(@name,'SummaryOfStudy')]
22:01:58.119 [PoolService-0] INFO  com.pega.framework.PegaWebDriver - element identification by logic:By.xpath: //input[@id='f21ce3fd']
22:01:58.395 [PoolService-0] INFO  com.pega.sync.WaitForDocStateReady - Document currently active, waiting entire document to load

22:01:59.627 [PoolService-0] INFO  com.pega.sync.Throbber - Throbbing never started
22:01:59.700 [PoolService-0] INFO  com.pega.framework.PegaWebDriver - element identification by logic:By.xpath: //input[@id='1bdfb3bb']
22:02:00.100 [PoolService-0] INFO  com.pega.sync.WaitForDocStateReady - Document currently active, waiting entire document to load

22:02:01.405 [PoolService-0] INFO  com.pega.sync.Throbber - Throbbing never started
22:02:01.480 [PoolService-0] INFO  com.pega.framework.PegaWebDriver - element identification by logic:By.xpath: //textarea[@id='a03e9738']
22:02:02.399 [PoolService-0] INFO  com.pega.framework.PegaWebDriver - element identification by logic:By.xpath: //label[@for='38b98719No'][contains(.,'No')]
22:02:02.869 [PoolService-0] INFO  com.pega.sync.WaitForDocStateReady - Document currently active, waiting entire document to load

22:02:04.100 [PoolService-0] INFO  com.pega.sync.Throbber - Throbbing never started
22:02:04.178 [PoolService-0] INFO  com.pega.framework.PegaWebDriver - element identification by logic:By.xpath: //textarea[contains(@name,'ContinuedProvisionArrangements')]
22:02:05.090 [PoolService-0] INFO  com.pega.framework.PegaWebDriver - element identification by logic:By.xpath: //label[@for='161ba8b9No'][contains(.,'No')]
22:02:05.407 [PoolService-0] INFO  com.pega.sync.WaitForDocStateReady - Document currently active, waiting entire document to load
.
22:02:06.727 [PoolService-0] INFO  com.pega.sync.Throbber - Throbbing never started
22:02:06.784 [PoolService-0] INFO  com.pega.framework.PegaWebDriver - element identification by logic:By.xpath: //textarea[contains(@name,'LowUnderstandingArrangements')]
22:02:08.463 [PoolService-0] INFO  com.pega.framework.PegaWebDriver - element identification by logic:By.xpath: //textarea[contains(@name,'PhysicalSecurityArrangements')]
22:02:10.205 [PoolService-0] INFO  com.pega.framework.PegaWebDriver - element identification by logic:By.xpath: //label[@for='0c455e05No'][contains(.,'No')]
22:02:10.554 [PoolService-0] INFO  com.pega.sync.WaitForDocStateReady - Document currently active, waiting entire document to load

22:02:11.838 [PoolService-0] INFO  com.pega.sync.Throbber - Throbbing never started
22:02:11.919 [PoolService-0] INFO  com.pega.framework.PegaWebDriver - element identification by logic:By.xpath: //button[contains(@name,'QuestionSetWrapper') and @class='Strong pzhc pzbutton']
22:02:14.331 [PoolService-0] INFO  com.pega.sync.WaitForDocStateReady - Document currently active, waiting entire document to load
.22:02:14.584 [PoolService-0] ERROR com.pega.framework.WaitHandler - Error while waiting for throbber in verifyAndWaitIfThrobberPresent():no such element: Unable to locate element: {"method":"xpath","selector":"//*[@class='throbber']"}
  (Session info: chrome=83.0.4103.97)
For documentation on this error, please visit: https://www.seleniumhq.org/exceptions/no_such_element.html
Build info: version: '3.141.59', revision: 'e82be7d358', time: '2018-11-14T08:17:03'
System info: host: 'LAPTOP-KJ412AR3', ip: '192.168.225.186', os.name: 'Windows 10', os.arch: 'amd64', os.version: '10.0', java.version: '1.8.0_251'
Driver info: org.openqa.selenium.chrome.ChromeDriver
Capabilities {acceptInsecureCerts: false, browserName: chrome, browserVersion: 83.0.4103.97, chrome: {chromedriverVersion: 83.0.4103.39 (ccbf011cb2d2b..., userDataDir: C:\Users\User\AppData\Local...}, goog:chromeOptions: {debuggerAddress: localhost:55730}, javascriptEnabled: true, networkConnectionEnabled: false, pageLoadStrategy: normal, platform: WINDOWS, platformName: WINDOWS, proxy: Proxy(), setWindowRect: true, strictFileInteractability: false, timeouts: {implicit: 0, pageLoad: 300000, script: 30000}, unhandledPromptBehavior: dismiss and notify, webauthn:virtualAuthenticators: true}
Session ID: df13b5e4aae320931e52e36db5daf131
*** Element info: {Using=xpath, value=//*[@class='throbber']}
..
22:02:15.881 [PoolService-0] INFO  com.pega.sync.Throbber - Throbbing never started
22:02:15.979 [PoolService-0] INFO  com.pega.framework.PegaWebDriver - element identification by logic:By.xpath: //a[contains(.,'Back')]
]]></system-out>
    <system-err><![CDATA[Jun 11, 2020 9:59:55 PM cucumber.runtime.java.ObjectFactoryLoader loadSingleObjectFactory
WARNING: Use deprecated reflections to load ObjectFactory.
Starting ChromeDriver 83.0.4103.39 (ccbf011cb2d2b19b506d844400483861342c20cd-refs/branch-heads/4103@{#416}) on port 13779
Only local connections are allowed.
Please see https://chromedriver.chromium.org/security-considerations for suggestions on keeping ChromeDriver safe.
ChromeDriver was started successfully.
Jun 11, 2020 10:00:14 PM org.openqa.selenium.remote.ProtocolHandshake createSession
INFO: Detected dialect: W3C
]]></system-err>
  </testcase>
</testsuite>