<?xml version="1.0" encoding="UTF-8"?>
<!-- Generated by org.testng.reporters.JUnitReportReporter -->
<testsuite skipped="0" hostname="Shauzabs-MacBook-Pro.local" name="sebase.InvokeURL" tests="1" failures="0" timestamp="2020-06-02T22:16:11 BST" time="28.610" errors="0">
  <testcase name="invokeBrowser" time="28.610" classname="sebase.InvokeURL"/>
  <system-out/>
</testsuite> <!-- sebase.InvokeURL -->
