<?xml version="1.0" encoding="UTF-8"?>
<!-- Generated by org.testng.reporters.JUnitReportReporter -->
<testsuite skipped="0" hostname="LAPTOP-NBGUN1L6" name="SampleTesting.TestNG.NewTest" tests="1" failures="0" timestamp="2020-05-24T18:24:13 IST" time="0.021" errors="0">
  <testcase name="f" time="0.021" classname="SampleTesting.TestNG.NewTest"/>
  <system-out/>
</testsuite> <!-- SampleTesting.TestNG.NewTest -->
