<?xml version="1.0" encoding="UTF-8"?>
<!-- Generated by org.testng.reporters.JUnitReportReporter -->
<testsuite skipped="0" hostname="LAPTOP-NBGUN1L6" name="RunCucumberTest" tests="2" failures="0" timestamp="2020-05-21T19:38:15 IST" time="45.781" errors="0">
  <testcase name="runScenario" time="19.666" classname="RunCucumberTest"/>
  <system-out/>
  <testcase name="runScenario" time="26.115" classname="RunCucumberTest"/>
  <system-out/>
</testsuite> <!-- RunCucumberTest -->
