<?xml version="1.0" encoding="UTF-8"?>
<!-- Generated by org.testng.reporters.JUnitReportReporter -->
<testsuite hostname="LAPTOP-KJ412AR3" name="RunCucumberTest" tests="1" failures="0" timestamp="16 Jun 2020 07:30:39 GMT" time="125.966" errors="0">
  <testcase name="runScenario" time="125.966" classname="RunCucumberTest"/>
</testsuite> <!-- RunCucumberTest -->
