<?xml version="1.0" encoding="UTF-8"?>
<!-- Generated by org.testng.reporters.JUnitReportReporter -->
<testsuite hostname="LAPTOP-KJ412AR3" name="RunCucumberTest" tests="1" failures="0" timestamp="11 Jun 2020 05:09:52 GMT" time="121.931" errors="0">
  <testcase name="runScenario" time="121.931" classname="RunCucumberTest"/>
</testsuite> <!-- RunCucumberTest -->
