<?xml version="1.0" encoding="UTF-8"?>
<!-- Generated by org.testng.reporters.JUnitReportReporter -->
<testsuite hostname="Shauzabs-MacBook-Pro.local" name="RunCucumberTest" tests="1" failures="0" timestamp="6 Jun 2020 14:32:38 GMT" time="9.188" errors="0">
  <testcase name="runScenario" time="9.188" classname="RunCucumberTest"/>
</testsuite> <!-- RunCucumberTest -->
