<?xml version="1.0" encoding="UTF-8"?>
<!-- Generated by org.testng.reporters.JUnitReportReporter -->
<testsuite hostname="LAPTOP-KJ412AR3" name="RunCucumberTest" tests="1" failures="0" timestamp="11 Jun 2020 03:53:28 GMT" time="101.512" errors="0">
  <testcase name="runScenario" time="101.512" classname="RunCucumberTest"/>
</testsuite> <!-- RunCucumberTest -->
