<?xml version="1.0" encoding="UTF-8"?>
<!-- Generated by org.testng.reporters.JUnitReportReporter -->
<testsuite hostname="LAPTOP-KJ412AR3" name="RunCucumberTest" tests="1" failures="0" timestamp="19 Jun 2020 11:14:11 GMT" time="143.848" errors="0">
  <testcase name="runScenario" time="143.848" classname="RunCucumberTest"/>
</testsuite> <!-- RunCucumberTest -->
