<?xml version="1.0" encoding="UTF-8"?>
<!-- Generated by org.testng.reporters.JUnitReportReporter -->
<testsuite hostname="LAPTOP-KJ412AR3" name="RunCucumberTest" tests="1" failures="0" timestamp="21 Jun 2020 12:03:00 GMT" time="135.840" errors="0">
  <testcase name="runScenario" time="135.840" classname="RunCucumberTest"/>
</testsuite> <!-- RunCucumberTest -->
