<?xml version="1.0" encoding="UTF-8"?>
<!-- Generated by org.testng.reporters.JUnitReportReporter -->
<testsuite hostname="Shauzabs-MacBook-Pro.local" name="RunCucumberTest" tests="1" failures="0" timestamp="7 Jun 2020 12:40:38 GMT" time="47.803" errors="0">
  <testcase name="runScenario" time="47.803" classname="RunCucumberTest"/>
</testsuite> <!-- RunCucumberTest -->
