<?xml version="1.0" encoding="UTF-8"?>
<!-- Generated by org.testng.reporters.JUnitReportReporter -->
<testsuite hostname="LAPTOP-KJ412AR3" name="RunCucumberTest" tests="1" failures="0" timestamp="11 Jun 2020 09:51:46 GMT" time="124.651" errors="0">
  <testcase name="runScenario" time="124.651" classname="RunCucumberTest"/>
</testsuite> <!-- RunCucumberTest -->
